2020-04-11 10:15:05,539 [Worker-1] INFO  c.g.t.t.d.PublishedGradleVersions - Gradle version information cache is up-to-date. Trying to read.
2020-04-11 10:22:38,521 [Worker-14] INFO  o.e.m.c.i.l.LifecycleMappingFactory - Using org.eclipse.m2e.jdt.JarLifecycleMapping lifecycle mapping for MavenProject: TauRestAssured:RestAssuredPractice:0.0.1-SNAPSHOT @ E:\eclipse\TAUResrAssured\RestAssuredPractice\pom.xml.
2020-04-11 10:22:43,029 [Worker-14] INFO  o.e.m.j.i.AbstractJavaProjectConfigurator - Adding source folder /RestAssuredPractice/src/main/java
2020-04-11 10:22:43,031 [Worker-14] INFO  o.e.m.j.i.AbstractJavaProjectConfigurator - Adding resource folder /RestAssuredPractice/src/main/resources
2020-04-11 10:22:43,032 [Worker-14] INFO  o.e.m.j.i.AbstractJavaProjectConfigurator - Adding source folder /RestAssuredPractice/src/test/java
2020-04-11 10:22:43,033 [Worker-14] INFO  o.e.m.j.i.AbstractJavaProjectConfigurator - Adding resource folder /RestAssuredPractice/src/test/resources
2020-04-11 10:22:46,055 [Worker-10] WARN  o.e.m.c.i.embedder.EclipseLogger - Using platform encoding (Cp1252 actually) to copy filtered resources, i.e. build is platform dependent!
2020-04-11 10:22:46,076 [Worker-10] INFO  o.e.m.c.i.embedder.EclipseLogger - Copying 0 resource
2020-04-11 10:22:46,079 [Worker-10] WARN  o.e.m.c.i.embedder.EclipseLogger - Using platform encoding (Cp1252 actually) to copy filtered resources, i.e. build is platform dependent!
2020-04-11 10:22:46,089 [Worker-10] INFO  o.e.m.c.i.embedder.EclipseLogger - Copying 0 resource
2020-04-11 10:24:45,786 [Worker-10] INFO  o.e.m.c.i.l.LifecycleMappingFactory - Using org.eclipse.m2e.jdt.JarLifecycleMapping lifecycle mapping for MavenProject: TauRestAssured:RestAssuredPractice:0.0.1-SNAPSHOT @ E:\eclipse\TAUResrAssured\RestAssuredPractice\pom.xml.
2020-04-11 10:24:47,142 [Worker-10] INFO  o.e.m.c.i.e.AbstractTransferListenerAdapter - Downloading https://repo.maven.apache.org/maven2/io/rest-assured/rest-assured/3.3.0/rest-assured-3.3.0.pom
2020-04-11 10:24:47,376 [Worker-10] INFO  o.e.m.c.i.e.AbstractTransferListenerAdapter - Downloaded https://repo.maven.apache.org/maven2/io/rest-assured/rest-assured/3.3.0/rest-assured-3.3.0.pom
2020-04-11 10:24:47,573 [Worker-10] INFO  o.e.m.c.i.e.AbstractTransferListenerAdapter - Downloading https://repo.maven.apache.org/maven2/io/rest-assured/rest-assured-parent/3.3.0/rest-assured-parent-3.3.0.pom
2020-04-11 10:24:47,929 [Worker-10] INFO  o.e.m.c.i.e.AbstractTransferListenerAdapter - Downloaded https://repo.maven.apache.org/maven2/io/rest-assured/rest-assured-parent/3.3.0/rest-assured-parent-3.3.0.pom
2020-04-11 10:24:48,213 [Worker-10] INFO  o.e.m.c.i.e.AbstractTransferListenerAdapter - Downloading https://repo.maven.apache.org/maven2/org/codehaus/groovy/groovy/2.4.15/groovy-2.4.15.pom
2020-04-11 10:24:48,467 [Worker-10] INFO  o.e.m.c.i.e.AbstractTransferListenerAdapter - Downloaded https://repo.maven.apache.org/maven2/org/codehaus/groovy/groovy/2.4.15/groovy-2.4.15.pom
2020-04-11 10:24:48,680 [Worker-10] INFO  o.e.m.c.i.e.AbstractTransferListenerAdapter - Downloading https://repo.maven.apache.org/maven2/org/codehaus/groovy/groovy-xml/2.4.15/groovy-xml-2.4.15.pom
2020-04-11 10:24:48,916 [Worker-10] INFO  o.e.m.c.i.e.AbstractTransferListenerAdapter - Downloaded https://repo.maven.apache.org/maven2/org/codehaus/groovy/groovy-xml/2.4.15/groovy-xml-2.4.15.pom
2020-04-11 10:24:50,096 [Worker-10] INFO  o.e.m.c.i.e.AbstractTransferListenerAdapter - Downloading https://repo.maven.apache.org/maven2/io/rest-assured/json-path/3.3.0/json-path-3.3.0.pom
2020-04-11 10:24:50,314 [Worker-10] INFO  o.e.m.c.i.e.AbstractTransferListenerAdapter - Downloaded https://repo.maven.apache.org/maven2/io/rest-assured/json-path/3.3.0/json-path-3.3.0.pom
2020-04-11 10:24:50,499 [Worker-10] INFO  o.e.m.c.i.e.AbstractTransferListenerAdapter - Downloading https://repo.maven.apache.org/maven2/org/codehaus/groovy/groovy-json/2.4.15/groovy-json-2.4.15.pom
2020-04-11 10:24:50,730 [Worker-10] INFO  o.e.m.c.i.e.AbstractTransferListenerAdapter - Downloaded https://repo.maven.apache.org/maven2/org/codehaus/groovy/groovy-json/2.4.15/groovy-json-2.4.15.pom
2020-04-11 10:24:50,916 [Worker-10] INFO  o.e.m.c.i.e.AbstractTransferListenerAdapter - Downloading https://repo.maven.apache.org/maven2/io/rest-assured/rest-assured-common/3.3.0/rest-assured-common-3.3.0.pom
2020-04-11 10:24:51,116 [Worker-10] INFO  o.e.m.c.i.e.AbstractTransferListenerAdapter - Downloaded https://repo.maven.apache.org/maven2/io/rest-assured/rest-assured-common/3.3.0/rest-assured-common-3.3.0.pom
2020-04-11 10:24:51,565 [Worker-10] INFO  o.e.m.c.i.e.AbstractTransferListenerAdapter - Downloading https://repo.maven.apache.org/maven2/io/rest-assured/xml-path/3.3.0/xml-path-3.3.0.pom
2020-04-11 10:24:51,743 [Worker-10] INFO  o.e.m.c.i.e.AbstractTransferListenerAdapter - Downloaded https://repo.maven.apache.org/maven2/io/rest-assured/xml-path/3.3.0/xml-path-3.3.0.pom
2020-04-11 10:24:51,919 [Worker-10] INFO  o.e.m.c.i.e.AbstractTransferListenerAdapter - Downloading https://repo.maven.apache.org/maven2/javax/xml/bind/jaxb-api/2.2.12/jaxb-api-2.2.12.pom
2020-04-11 10:24:52,105 [Worker-10] INFO  o.e.m.c.i.e.AbstractTransferListenerAdapter - Downloaded https://repo.maven.apache.org/maven2/javax/xml/bind/jaxb-api/2.2.12/jaxb-api-2.2.12.pom
2020-04-11 10:24:52,273 [Worker-10] INFO  o.e.m.c.i.e.AbstractTransferListenerAdapter - Downloading https://repo.maven.apache.org/maven2/net/java/jvnet-parent/4/jvnet-parent-4.pom
2020-04-11 10:24:52,473 [Worker-10] INFO  o.e.m.c.i.e.AbstractTransferListenerAdapter - Downloaded https://repo.maven.apache.org/maven2/net/java/jvnet-parent/4/jvnet-parent-4.pom
2020-04-11 10:24:52,660 [Worker-10] INFO  o.e.m.c.i.e.AbstractTransferListenerAdapter - Downloading https://repo.maven.apache.org/maven2/com/sun/xml/bind/jaxb-osgi/2.2.10/jaxb-osgi-2.2.10.pom
2020-04-11 10:24:52,978 [Worker-10] INFO  o.e.m.c.i.e.AbstractTransferListenerAdapter - Downloaded https://repo.maven.apache.org/maven2/com/sun/xml/bind/jaxb-osgi/2.2.10/jaxb-osgi-2.2.10.pom
2020-04-11 10:24:53,191 [Worker-10] INFO  o.e.m.c.i.e.AbstractTransferListenerAdapter - Downloading https://repo.maven.apache.org/maven2/com/sun/xml/bind/mvn/jaxb-osgi/2.2.10/jaxb-osgi-2.2.10.pom
2020-04-11 10:24:53,425 [Worker-10] INFO  o.e.m.c.i.e.AbstractTransferListenerAdapter - Downloaded https://repo.maven.apache.org/maven2/com/sun/xml/bind/mvn/jaxb-osgi/2.2.10/jaxb-osgi-2.2.10.pom
2020-04-11 10:24:53,615 [Worker-10] INFO  o.e.m.c.i.e.AbstractTransferListenerAdapter - Downloading https://repo.maven.apache.org/maven2/com/sun/xml/bind/mvn/jaxb-bundles/2.2.10/jaxb-bundles-2.2.10.pom
2020-04-11 10:24:54,022 [Worker-10] INFO  o.e.m.c.i.e.AbstractTransferListenerAdapter - Downloaded https://repo.maven.apache.org/maven2/com/sun/xml/bind/mvn/jaxb-bundles/2.2.10/jaxb-bundles-2.2.10.pom
2020-04-11 10:24:54,227 [Worker-10] INFO  o.e.m.c.i.e.AbstractTransferListenerAdapter - Downloading https://repo.maven.apache.org/maven2/com/sun/xml/bind/mvn/jaxb-parent/2.2.10/jaxb-parent-2.2.10.pom
2020-04-11 10:24:54,491 [Worker-10] INFO  o.e.m.c.i.e.AbstractTransferListenerAdapter - Downloaded https://repo.maven.apache.org/maven2/com/sun/xml/bind/mvn/jaxb-parent/2.2.10/jaxb-parent-2.2.10.pom
2020-04-11 10:24:54,764 [Worker-10] INFO  o.e.m.c.i.e.AbstractTransferListenerAdapter - Downloading https://repo.maven.apache.org/maven2/com/sun/xml/bind/jaxb-bom-ext/2.2.10/jaxb-bom-ext-2.2.10.pom
2020-04-11 10:24:54,969 [Worker-10] INFO  o.e.m.c.i.e.AbstractTransferListenerAdapter - Downloaded https://repo.maven.apache.org/maven2/com/sun/xml/bind/jaxb-bom-ext/2.2.10/jaxb-bom-ext-2.2.10.pom
2020-04-11 10:24:55,200 [Worker-10] INFO  o.e.m.c.i.e.AbstractTransferListenerAdapter - Downloading https://repo.maven.apache.org/maven2/org/glassfish/jaxb/jaxb-bom/2.2.10/jaxb-bom-2.2.10.pom
2020-04-11 10:24:55,394 [Worker-10] INFO  o.e.m.c.i.e.AbstractTransferListenerAdapter - Downloaded https://repo.maven.apache.org/maven2/org/glassfish/jaxb/jaxb-bom/2.2.10/jaxb-bom-2.2.10.pom
2020-04-11 10:24:55,418 [Worker-10] WARN  o.e.m.c.i.embedder.EclipseLogger - The POM for com.sun.xml.bind:jaxb-osgi:jar:2.2.10 is invalid, transitive dependencies (if any) will not be available, enable debug logging for more details
2020-04-11 10:24:55,772 [Worker-10] INFO  o.e.m.c.i.e.AbstractTransferListenerAdapter - Downloading https://repo.maven.apache.org/maven2/com/tngtech/junit/dataprovider/junit4-dataprovider/2.4/junit4-dataprovider-2.4.pom
2020-04-11 10:24:55,944 [Worker-10] INFO  o.e.m.c.i.e.AbstractTransferListenerAdapter - Downloaded https://repo.maven.apache.org/maven2/com/tngtech/junit/dataprovider/junit4-dataprovider/2.4/junit4-dataprovider-2.4.pom
2020-04-11 10:24:56,124 [Worker-10] INFO  o.e.m.c.i.e.AbstractTransferListenerAdapter - Downloading https://repo.maven.apache.org/maven2/com/tngtech/junit/dataprovider/junit-dataprovider-core/2.4/junit-dataprovider-core-2.4.pom
2020-04-11 10:24:56,303 [Worker-10] INFO  o.e.m.c.i.e.AbstractTransferListenerAdapter - Downloaded https://repo.maven.apache.org/maven2/com/tngtech/junit/dataprovider/junit-dataprovider-core/2.4/junit-dataprovider-core-2.4.pom
2020-04-11 10:24:56,532 [Worker-10] INFO  o.e.m.c.i.e.AbstractTransferListenerAdapter - Downloading https://repo.maven.apache.org/maven2/com/github/spotbugs/spotbugs-annotations/3.1.5/spotbugs-annotations-3.1.5.pom
2020-04-11 10:24:56,843 [Worker-10] INFO  o.e.m.c.i.e.AbstractTransferListenerAdapter - Downloaded https://repo.maven.apache.org/maven2/com/github/spotbugs/spotbugs-annotations/3.1.5/spotbugs-annotations-3.1.5.pom
2020-04-11 10:24:57,012 [Worker-10] INFO  o.e.m.c.i.e.AbstractTransferListenerAdapter - Downloading https://repo.maven.apache.org/maven2/com/google/code/findbugs/jsr305/3.0.2/jsr305-3.0.2.pom
2020-04-11 10:24:57,181 [Worker-10] INFO  o.e.m.c.i.e.AbstractTransferListenerAdapter - Downloaded https://repo.maven.apache.org/maven2/com/google/code/findbugs/jsr305/3.0.2/jsr305-3.0.2.pom
2020-04-11 10:24:58,082 [Worker-10] INFO  o.e.m.c.i.e.AbstractTransferListenerAdapter - Downloading https://repo.maven.apache.org/maven2/com/github/tomakehurst/wiremock-jre8/2.21.0/wiremock-jre8-2.21.0.pom
2020-04-11 10:24:58,280 [Worker-10] INFO  o.e.m.c.i.e.AbstractTransferListenerAdapter - Downloaded https://repo.maven.apache.org/maven2/com/github/tomakehurst/wiremock-jre8/2.21.0/wiremock-jre8-2.21.0.pom
2020-04-11 10:24:58,482 [Worker-10] INFO  o.e.m.c.i.e.AbstractTransferListenerAdapter - Downloading https://repo.maven.apache.org/maven2/org/eclipse/jetty/jetty-server/9.4.14.v20181114/jetty-server-9.4.14.v20181114.pom
2020-04-11 10:24:58,688 [Worker-10] INFO  o.e.m.c.i.e.AbstractTransferListenerAdapter - Downloaded https://repo.maven.apache.org/maven2/org/eclipse/jetty/jetty-server/9.4.14.v20181114/jetty-server-9.4.14.v20181114.pom
2020-04-11 10:24:58,887 [Worker-10] INFO  o.e.m.c.i.e.AbstractTransferListenerAdapter - Downloading https://repo.maven.apache.org/maven2/org/eclipse/jetty/jetty-project/9.4.14.v20181114/jetty-project-9.4.14.v20181114.pom
2020-04-11 10:24:59,187 [Worker-10] INFO  o.e.m.c.i.e.AbstractTransferListenerAdapter - Downloaded https://repo.maven.apache.org/maven2/org/eclipse/jetty/jetty-project/9.4.14.v20181114/jetty-project-9.4.14.v20181114.pom
2020-04-11 10:24:59,632 [Worker-10] INFO  o.e.m.c.i.e.AbstractTransferListenerAdapter - Downloading https://repo.maven.apache.org/maven2/org/eclipse/jetty/jetty-http/9.4.14.v20181114/jetty-http-9.4.14.v20181114.pom
2020-04-11 10:24:59,828 [Worker-10] INFO  o.e.m.c.i.e.AbstractTransferListenerAdapter - Downloaded https://repo.maven.apache.org/maven2/org/eclipse/jetty/jetty-http/9.4.14.v20181114/jetty-http-9.4.14.v20181114.pom
2020-04-11 10:25:00,020 [Worker-10] INFO  o.e.m.c.i.e.AbstractTransferListenerAdapter - Downloading https://repo.maven.apache.org/maven2/org/eclipse/jetty/jetty-util/9.4.14.v20181114/jetty-util-9.4.14.v20181114.pom
2020-04-11 10:25:00,236 [Worker-10] INFO  o.e.m.c.i.e.AbstractTransferListenerAdapter - Downloaded https://repo.maven.apache.org/maven2/org/eclipse/jetty/jetty-util/9.4.14.v20181114/jetty-util-9.4.14.v20181114.pom
2020-04-11 10:25:00,462 [Worker-10] INFO  o.e.m.c.i.e.AbstractTransferListenerAdapter - Downloading https://repo.maven.apache.org/maven2/org/eclipse/jetty/jetty-io/9.4.14.v20181114/jetty-io-9.4.14.v20181114.pom
2020-04-11 10:25:00,689 [Worker-10] INFO  o.e.m.c.i.e.AbstractTransferListenerAdapter - Downloaded https://repo.maven.apache.org/maven2/org/eclipse/jetty/jetty-io/9.4.14.v20181114/jetty-io-9.4.14.v20181114.pom
2020-04-11 10:25:00,911 [Worker-10] INFO  o.e.m.c.i.e.AbstractTransferListenerAdapter - Downloading https://repo.maven.apache.org/maven2/org/eclipse/jetty/jetty-servlet/9.4.14.v20181114/jetty-servlet-9.4.14.v20181114.pom
2020-04-11 10:25:01,092 [Worker-10] INFO  o.e.m.c.i.e.AbstractTransferListenerAdapter - Downloaded https://repo.maven.apache.org/maven2/org/eclipse/jetty/jetty-servlet/9.4.14.v20181114/jetty-servlet-9.4.14.v20181114.pom
2020-04-11 10:25:01,280 [Worker-10] INFO  o.e.m.c.i.e.AbstractTransferListenerAdapter - Downloading https://repo.maven.apache.org/maven2/org/eclipse/jetty/jetty-security/9.4.14.v20181114/jetty-security-9.4.14.v20181114.pom
2020-04-11 10:25:01,496 [Worker-10] INFO  o.e.m.c.i.e.AbstractTransferListenerAdapter - Downloaded https://repo.maven.apache.org/maven2/org/eclipse/jetty/jetty-security/9.4.14.v20181114/jetty-security-9.4.14.v20181114.pom
2020-04-11 10:25:01,682 [Worker-10] INFO  o.e.m.c.i.e.AbstractTransferListenerAdapter - Downloading https://repo.maven.apache.org/maven2/org/eclipse/jetty/jetty-servlets/9.4.14.v20181114/jetty-servlets-9.4.14.v20181114.pom
2020-04-11 10:25:01,866 [Worker-10] INFO  o.e.m.c.i.e.AbstractTransferListenerAdapter - Downloaded https://repo.maven.apache.org/maven2/org/eclipse/jetty/jetty-servlets/9.4.14.v20181114/jetty-servlets-9.4.14.v20181114.pom
2020-04-11 10:25:02,080 [Worker-10] INFO  o.e.m.c.i.e.AbstractTransferListenerAdapter - Downloading https://repo.maven.apache.org/maven2/org/eclipse/jetty/jetty-continuation/9.4.14.v20181114/jetty-continuation-9.4.14.v20181114.pom
2020-04-11 10:25:02,289 [Worker-10] INFO  o.e.m.c.i.e.AbstractTransferListenerAdapter - Downloaded https://repo.maven.apache.org/maven2/org/eclipse/jetty/jetty-continuation/9.4.14.v20181114/jetty-continuation-9.4.14.v20181114.pom
2020-04-11 10:25:02,470 [Worker-10] INFO  o.e.m.c.i.e.AbstractTransferListenerAdapter - Downloading https://repo.maven.apache.org/maven2/org/eclipse/jetty/jetty-webapp/9.4.14.v20181114/jetty-webapp-9.4.14.v20181114.pom
2020-04-11 10:25:02,689 [Worker-10] INFO  o.e.m.c.i.e.AbstractTransferListenerAdapter - Downloaded https://repo.maven.apache.org/maven2/org/eclipse/jetty/jetty-webapp/9.4.14.v20181114/jetty-webapp-9.4.14.v20181114.pom
2020-04-11 10:25:02,910 [Worker-10] INFO  o.e.m.c.i.e.AbstractTransferListenerAdapter - Downloading https://repo.maven.apache.org/maven2/org/eclipse/jetty/jetty-xml/9.4.14.v20181114/jetty-xml-9.4.14.v20181114.pom
2020-04-11 10:25:03,105 [Worker-10] INFO  o.e.m.c.i.e.AbstractTransferListenerAdapter - Downloaded https://repo.maven.apache.org/maven2/org/eclipse/jetty/jetty-xml/9.4.14.v20181114/jetty-xml-9.4.14.v20181114.pom
2020-04-11 10:25:03,307 [Worker-10] INFO  o.e.m.c.i.e.AbstractTransferListenerAdapter - Downloading https://repo.maven.apache.org/maven2/com/google/guava/guava/27.0.1-jre/guava-27.0.1-jre.pom
2020-04-11 10:25:03,526 [Worker-10] INFO  o.e.m.c.i.e.AbstractTransferListenerAdapter - Downloaded https://repo.maven.apache.org/maven2/com/google/guava/guava/27.0.1-jre/guava-27.0.1-jre.pom
2020-04-11 10:25:03,764 [Worker-10] INFO  o.e.m.c.i.e.AbstractTransferListenerAdapter - Downloading https://repo.maven.apache.org/maven2/com/google/guava/guava-parent/27.0.1-jre/guava-parent-27.0.1-jre.pom
2020-04-11 10:25:03,979 [Worker-10] INFO  o.e.m.c.i.e.AbstractTransferListenerAdapter - Downloaded https://repo.maven.apache.org/maven2/com/google/guava/guava-parent/27.0.1-jre/guava-parent-27.0.1-jre.pom
2020-04-11 10:25:04,269 [Worker-10] INFO  o.e.m.c.i.e.AbstractTransferListenerAdapter - Downloading https://repo.maven.apache.org/maven2/com/google/guava/failureaccess/1.0.1/failureaccess-1.0.1.pom
2020-04-11 10:25:04,477 [Worker-10] INFO  o.e.m.c.i.e.AbstractTransferListenerAdapter - Downloaded https://repo.maven.apache.org/maven2/com/google/guava/failureaccess/1.0.1/failureaccess-1.0.1.pom
2020-04-11 10:25:04,698 [Worker-10] INFO  o.e.m.c.i.e.AbstractTransferListenerAdapter - Downloading https://repo.maven.apache.org/maven2/com/google/guava/guava-parent/26.0-android/guava-parent-26.0-android.pom
2020-04-11 10:25:04,917 [Worker-10] INFO  o.e.m.c.i.e.AbstractTransferListenerAdapter - Downloaded https://repo.maven.apache.org/maven2/com/google/guava/guava-parent/26.0-android/guava-parent-26.0-android.pom
2020-04-11 10:25:05,149 [Worker-10] INFO  o.e.m.c.i.e.AbstractTransferListenerAdapter - Downloading https://repo.maven.apache.org/maven2/com/google/guava/listenablefuture/9999.0-empty-to-avoid-conflict-with-guava/listenablefuture-9999.0-empty-to-avoid-conflict-with-guava.pom
2020-04-11 10:25:05,397 [Worker-10] INFO  o.e.m.c.i.e.AbstractTransferListenerAdapter - Downloaded https://repo.maven.apache.org/maven2/com/google/guava/listenablefuture/9999.0-empty-to-avoid-conflict-with-guava/listenablefuture-9999.0-empty-to-avoid-conflict-with-guava.pom
2020-04-11 10:25:05,640 [Worker-10] INFO  o.e.m.c.i.e.AbstractTransferListenerAdapter - Downloading https://repo.maven.apache.org/maven2/org/checkerframework/checker-qual/2.5.2/checker-qual-2.5.2.pom
2020-04-11 10:25:05,844 [Worker-10] INFO  o.e.m.c.i.e.AbstractTransferListenerAdapter - Downloaded https://repo.maven.apache.org/maven2/org/checkerframework/checker-qual/2.5.2/checker-qual-2.5.2.pom
2020-04-11 10:25:06,049 [Worker-10] INFO  o.e.m.c.i.e.AbstractTransferListenerAdapter - Downloading https://repo.maven.apache.org/maven2/com/google/errorprone/error_prone_annotations/2.2.0/error_prone_annotations-2.2.0.pom
2020-04-11 10:25:06,244 [Worker-10] INFO  o.e.m.c.i.e.AbstractTransferListenerAdapter - Downloaded https://repo.maven.apache.org/maven2/com/google/errorprone/error_prone_annotations/2.2.0/error_prone_annotations-2.2.0.pom
2020-04-11 10:25:06,449 [Worker-10] INFO  o.e.m.c.i.e.AbstractTransferListenerAdapter - Downloading https://repo.maven.apache.org/maven2/com/google/errorprone/error_prone_parent/2.2.0/error_prone_parent-2.2.0.pom
2020-04-11 10:25:06,658 [Worker-10] INFO  o.e.m.c.i.e.AbstractTransferListenerAdapter - Downloaded https://repo.maven.apache.org/maven2/com/google/errorprone/error_prone_parent/2.2.0/error_prone_parent-2.2.0.pom
2020-04-11 10:25:06,967 [Worker-10] INFO  o.e.m.c.i.e.AbstractTransferListenerAdapter - Downloading https://repo.maven.apache.org/maven2/org/codehaus/mojo/animal-sniffer-annotations/1.17/animal-sniffer-annotations-1.17.pom
2020-04-11 10:25:07,194 [Worker-10] INFO  o.e.m.c.i.e.AbstractTransferListenerAdapter - Downloaded https://repo.maven.apache.org/maven2/org/codehaus/mojo/animal-sniffer-annotations/1.17/animal-sniffer-annotations-1.17.pom
2020-04-11 10:25:07,384 [Worker-10] INFO  o.e.m.c.i.e.AbstractTransferListenerAdapter - Downloading https://repo.maven.apache.org/maven2/org/codehaus/mojo/animal-sniffer-parent/1.17/animal-sniffer-parent-1.17.pom
2020-04-11 10:25:07,593 [Worker-10] INFO  o.e.m.c.i.e.AbstractTransferListenerAdapter - Downloaded https://repo.maven.apache.org/maven2/org/codehaus/mojo/animal-sniffer-parent/1.17/animal-sniffer-parent-1.17.pom
2020-04-11 10:25:07,785 [Worker-10] INFO  o.e.m.c.i.e.AbstractTransferListenerAdapter - Downloading https://repo.maven.apache.org/maven2/org/codehaus/mojo/mojo-parent/40/mojo-parent-40.pom
2020-04-11 10:25:08,023 [Worker-10] INFO  o.e.m.c.i.e.AbstractTransferListenerAdapter - Downloaded https://repo.maven.apache.org/maven2/org/codehaus/mojo/mojo-parent/40/mojo-parent-40.pom
2020-04-11 10:25:08,318 [Worker-10] INFO  o.e.m.c.i.e.AbstractTransferListenerAdapter - Downloading https://repo.maven.apache.org/maven2/com/fasterxml/jackson/core/jackson-annotations/2.9.8/jackson-annotations-2.9.8.pom
2020-04-11 10:25:08,523 [Worker-10] INFO  o.e.m.c.i.e.AbstractTransferListenerAdapter - Downloaded https://repo.maven.apache.org/maven2/com/fasterxml/jackson/core/jackson-annotations/2.9.8/jackson-annotations-2.9.8.pom
2020-04-11 10:25:08,720 [Worker-10] INFO  o.e.m.c.i.e.AbstractTransferListenerAdapter - Downloading https://repo.maven.apache.org/maven2/org/apache/httpcomponents/httpclient/4.5.6/httpclient-4.5.6.pom
2020-04-11 10:25:08,986 [Worker-10] INFO  o.e.m.c.i.e.AbstractTransferListenerAdapter - Downloaded https://repo.maven.apache.org/maven2/org/apache/httpcomponents/httpclient/4.5.6/httpclient-4.5.6.pom
2020-04-11 10:25:09,188 [Worker-10] INFO  o.e.m.c.i.e.AbstractTransferListenerAdapter - Downloading https://repo.maven.apache.org/maven2/org/apache/httpcomponents/httpcomponents-client/4.5.6/httpcomponents-client-4.5.6.pom
2020-04-11 10:25:09,428 [Worker-10] INFO  o.e.m.c.i.e.AbstractTransferListenerAdapter - Downloaded https://repo.maven.apache.org/maven2/org/apache/httpcomponents/httpcomponents-client/4.5.6/httpcomponents-client-4.5.6.pom
2020-04-11 10:25:09,608 [Worker-10] INFO  o.e.m.c.i.e.AbstractTransferListenerAdapter - Downloading https://repo.maven.apache.org/maven2/org/apache/httpcomponents/httpcomponents-parent/10/httpcomponents-parent-10.pom
2020-04-11 10:25:09,845 [Worker-10] INFO  o.e.m.c.i.e.AbstractTransferListenerAdapter - Downloaded https://repo.maven.apache.org/maven2/org/apache/httpcomponents/httpcomponents-parent/10/httpcomponents-parent-10.pom
2020-04-11 10:25:10,219 [Worker-10] INFO  o.e.m.c.i.e.AbstractTransferListenerAdapter - Downloading https://repo.maven.apache.org/maven2/org/apache/httpcomponents/httpcore/4.4.10/httpcore-4.4.10.pom
2020-04-11 10:25:10,421 [Worker-10] INFO  o.e.m.c.i.e.AbstractTransferListenerAdapter - Downloaded https://repo.maven.apache.org/maven2/org/apache/httpcomponents/httpcore/4.4.10/httpcore-4.4.10.pom
2020-04-11 10:25:10,594 [Worker-10] INFO  o.e.m.c.i.e.AbstractTransferListenerAdapter - Downloading https://repo.maven.apache.org/maven2/org/apache/httpcomponents/httpcomponents-core/4.4.10/httpcomponents-core-4.4.10.pom
2020-04-11 10:25:10,821 [Worker-10] INFO  o.e.m.c.i.e.AbstractTransferListenerAdapter - Downloaded https://repo.maven.apache.org/maven2/org/apache/httpcomponents/httpcomponents-core/4.4.10/httpcomponents-core-4.4.10.pom
2020-04-11 10:25:11,269 [Worker-10] INFO  o.e.m.c.i.e.AbstractTransferListenerAdapter - Downloading https://repo.maven.apache.org/maven2/org/xmlunit/xmlunit-core/2.5.1/xmlunit-core-2.5.1.pom
2020-04-11 10:25:11,480 [Worker-10] INFO  o.e.m.c.i.e.AbstractTransferListenerAdapter - Downloaded https://repo.maven.apache.org/maven2/org/xmlunit/xmlunit-core/2.5.1/xmlunit-core-2.5.1.pom
2020-04-11 10:25:11,698 [Worker-10] INFO  o.e.m.c.i.e.AbstractTransferListenerAdapter - Downloading https://repo.maven.apache.org/maven2/org/xmlunit/xmlunit-parent/2.5.1/xmlunit-parent-2.5.1.pom
2020-04-11 10:25:11,917 [Worker-10] INFO  o.e.m.c.i.e.AbstractTransferListenerAdapter - Downloaded https://repo.maven.apache.org/maven2/org/xmlunit/xmlunit-parent/2.5.1/xmlunit-parent-2.5.1.pom
2020-04-11 10:25:12,166 [Worker-10] INFO  o.e.m.c.i.e.AbstractTransferListenerAdapter - Downloading https://repo.maven.apache.org/maven2/org/xmlunit/xmlunit-legacy/2.5.1/xmlunit-legacy-2.5.1.pom
2020-04-11 10:25:12,408 [Worker-10] INFO  o.e.m.c.i.e.AbstractTransferListenerAdapter - Downloaded https://repo.maven.apache.org/maven2/org/xmlunit/xmlunit-legacy/2.5.1/xmlunit-legacy-2.5.1.pom
2020-04-11 10:25:12,617 [Worker-10] INFO  o.e.m.c.i.e.AbstractTransferListenerAdapter - Downloading https://repo.maven.apache.org/maven2/com/jayway/jsonpath/json-path/2.4.0/json-path-2.4.0.pom
2020-04-11 10:25:12,827 [Worker-10] INFO  o.e.m.c.i.e.AbstractTransferListenerAdapter - Downloaded https://repo.maven.apache.org/maven2/com/jayway/jsonpath/json-path/2.4.0/json-path-2.4.0.pom
2020-04-11 10:25:13,029 [Worker-10] INFO  o.e.m.c.i.e.AbstractTransferListenerAdapter - Downloading https://repo.maven.apache.org/maven2/net/minidev/json-smart/2.3/json-smart-2.3.pom
2020-04-11 10:25:13,313 [Worker-10] INFO  o.e.m.c.i.e.AbstractTransferListenerAdapter - Downloaded https://repo.maven.apache.org/maven2/net/minidev/json-smart/2.3/json-smart-2.3.pom
2020-04-11 10:25:13,512 [Worker-10] INFO  o.e.m.c.i.e.AbstractTransferListenerAdapter - Downloading https://repo.maven.apache.org/maven2/net/minidev/minidev-parent/2.3/minidev-parent-2.3.pom
2020-04-11 10:25:13,735 [Worker-10] INFO  o.e.m.c.i.e.AbstractTransferListenerAdapter - Downloaded https://repo.maven.apache.org/maven2/net/minidev/minidev-parent/2.3/minidev-parent-2.3.pom
2020-04-11 10:25:13,938 [Worker-10] INFO  o.e.m.c.i.e.AbstractTransferListenerAdapter - Downloading https://repo.maven.apache.org/maven2/net/minidev/accessors-smart/1.2/accessors-smart-1.2.pom
2020-04-11 10:25:14,196 [Worker-10] INFO  o.e.m.c.i.e.AbstractTransferListenerAdapter - Downloaded https://repo.maven.apache.org/maven2/net/minidev/accessors-smart/1.2/accessors-smart-1.2.pom
2020-04-11 10:25:14,508 [Worker-10] INFO  o.e.m.c.i.e.AbstractTransferListenerAdapter - Downloading https://repo.maven.apache.org/maven2/org/ow2/asm/asm/5.0.4/asm-5.0.4.pom
2020-04-11 10:25:14,713 [Worker-10] INFO  o.e.m.c.i.e.AbstractTransferListenerAdapter - Downloaded https://repo.maven.apache.org/maven2/org/ow2/asm/asm/5.0.4/asm-5.0.4.pom
2020-04-11 10:25:14,931 [Worker-10] INFO  o.e.m.c.i.e.AbstractTransferListenerAdapter - Downloading https://repo.maven.apache.org/maven2/org/ow2/asm/asm-parent/5.0.4/asm-parent-5.0.4.pom
2020-04-11 10:25:15,154 [Worker-10] INFO  o.e.m.c.i.e.AbstractTransferListenerAdapter - Downloaded https://repo.maven.apache.org/maven2/org/ow2/asm/asm-parent/5.0.4/asm-parent-5.0.4.pom
2020-04-11 10:25:15,675 [Worker-10] INFO  o.e.m.c.i.e.AbstractTransferListenerAdapter - Downloading https://repo.maven.apache.org/maven2/org/ow2/asm/asm/7.0/asm-7.0.pom
2020-04-11 10:25:15,918 [Worker-10] INFO  o.e.m.c.i.e.AbstractTransferListenerAdapter - Downloaded https://repo.maven.apache.org/maven2/org/ow2/asm/asm/7.0/asm-7.0.pom
2020-04-11 10:25:16,255 [Worker-10] INFO  o.e.m.c.i.e.AbstractTransferListenerAdapter - Downloading https://repo.maven.apache.org/maven2/org/slf4j/slf4j-api/1.7.12/slf4j-api-1.7.12.pom
2020-04-11 10:25:16,479 [Worker-10] INFO  o.e.m.c.i.e.AbstractTransferListenerAdapter - Downloaded https://repo.maven.apache.org/maven2/org/slf4j/slf4j-api/1.7.12/slf4j-api-1.7.12.pom
2020-04-11 10:25:16,674 [Worker-10] INFO  o.e.m.c.i.e.AbstractTransferListenerAdapter - Downloading https://repo.maven.apache.org/maven2/org/slf4j/slf4j-parent/1.7.12/slf4j-parent-1.7.12.pom
2020-04-11 10:25:16,901 [Worker-10] INFO  o.e.m.c.i.e.AbstractTransferListenerAdapter - Downloaded https://repo.maven.apache.org/maven2/org/slf4j/slf4j-parent/1.7.12/slf4j-parent-1.7.12.pom
2020-04-11 10:25:17,230 [Worker-10] INFO  o.e.m.c.i.e.AbstractTransferListenerAdapter - Downloading https://repo.maven.apache.org/maven2/org/apache/commons/commons-lang3/3.7/commons-lang3-3.7.pom
2020-04-11 10:25:17,458 [Worker-10] INFO  o.e.m.c.i.e.AbstractTransferListenerAdapter - Downloaded https://repo.maven.apache.org/maven2/org/apache/commons/commons-lang3/3.7/commons-lang3-3.7.pom
2020-04-11 10:25:17,837 [Worker-10] INFO  o.e.m.c.i.e.AbstractTransferListenerAdapter - Downloading https://repo.maven.apache.org/maven2/com/flipkart/zjsonpatch/zjsonpatch/0.4.4/zjsonpatch-0.4.4.pom
2020-04-11 10:25:18,096 [Worker-10] INFO  o.e.m.c.i.e.AbstractTransferListenerAdapter - Downloaded https://repo.maven.apache.org/maven2/com/flipkart/zjsonpatch/zjsonpatch/0.4.4/zjsonpatch-0.4.4.pom
2020-04-11 10:25:18,272 [Worker-10] INFO  o.e.m.c.i.e.AbstractTransferListenerAdapter - Downloading https://repo.maven.apache.org/maven2/com/fasterxml/jackson/core/jackson-databind/2.8.10/jackson-databind-2.8.10.pom
2020-04-11 10:25:18,527 [Worker-10] INFO  o.e.m.c.i.e.AbstractTransferListenerAdapter - Downloaded https://repo.maven.apache.org/maven2/com/fasterxml/jackson/core/jackson-databind/2.8.10/jackson-databind-2.8.10.pom
2020-04-11 10:25:18,701 [Worker-10] INFO  o.e.m.c.i.e.AbstractTransferListenerAdapter - Downloading https://repo.maven.apache.org/maven2/com/fasterxml/jackson/jackson-parent/2.8/jackson-parent-2.8.pom
2020-04-11 10:25:18,900 [Worker-10] INFO  o.e.m.c.i.e.AbstractTransferListenerAdapter - Downloaded https://repo.maven.apache.org/maven2/com/fasterxml/jackson/jackson-parent/2.8/jackson-parent-2.8.pom
2020-04-11 10:25:19,065 [Worker-10] INFO  o.e.m.c.i.e.AbstractTransferListenerAdapter - Downloading https://repo.maven.apache.org/maven2/com/fasterxml/oss-parent/27/oss-parent-27.pom
2020-04-11 10:25:19,804 [Worker-10] INFO  o.e.m.c.i.e.AbstractTransferListenerAdapter - Downloaded https://repo.maven.apache.org/maven2/com/fasterxml/oss-parent/27/oss-parent-27.pom
2020-04-11 10:25:20,197 [Worker-10] INFO  o.e.m.c.i.e.AbstractTransferListenerAdapter - Downloading https://repo.maven.apache.org/maven2/com/fasterxml/jackson/core/jackson-annotations/2.8.0/jackson-annotations-2.8.0.pom
2020-04-11 10:25:20,531 [Worker-10] INFO  o.e.m.c.i.e.AbstractTransferListenerAdapter - Downloaded https://repo.maven.apache.org/maven2/com/fasterxml/jackson/core/jackson-annotations/2.8.0/jackson-annotations-2.8.0.pom
2020-04-11 10:25:20,831 [Worker-10] INFO  o.e.m.c.i.e.AbstractTransferListenerAdapter - Downloading https://repo.maven.apache.org/maven2/com/fasterxml/jackson/core/jackson-core/2.8.10/jackson-core-2.8.10.pom
2020-04-11 10:25:21,132 [Worker-10] INFO  o.e.m.c.i.e.AbstractTransferListenerAdapter - Downloaded https://repo.maven.apache.org/maven2/com/fasterxml/jackson/core/jackson-core/2.8.10/jackson-core-2.8.10.pom
2020-04-11 10:25:21,739 [Worker-10] INFO  o.e.m.c.i.e.AbstractTransferListenerAdapter - Downloading https://repo.maven.apache.org/maven2/com/github/jknack/handlebars/4.1.2/handlebars-4.1.2.pom
2020-04-11 10:25:21,956 [Worker-10] INFO  o.e.m.c.i.e.AbstractTransferListenerAdapter - Downloaded https://repo.maven.apache.org/maven2/com/github/jknack/handlebars/4.1.2/handlebars-4.1.2.pom
2020-04-11 10:25:22,346 [Worker-10] INFO  o.e.m.c.i.e.AbstractTransferListenerAdapter - Downloading https://repo.maven.apache.org/maven2/com/github/jknack/handlebars.java/4.1.2/handlebars.java-4.1.2.pom
2020-04-11 10:25:22,671 [Worker-10] INFO  o.e.m.c.i.e.AbstractTransferListenerAdapter - Downloaded https://repo.maven.apache.org/maven2/com/github/jknack/handlebars.java/4.1.2/handlebars.java-4.1.2.pom
2020-04-11 10:25:22,982 [Worker-10] INFO  o.e.m.c.i.e.AbstractTransferListenerAdapter - Downloading https://repo.maven.apache.org/maven2/com/github/jknack/handlebars-helpers/4.1.2/handlebars-helpers-4.1.2.pom
2020-04-11 10:25:23,275 [Worker-10] INFO  o.e.m.c.i.e.AbstractTransferListenerAdapter - Downloaded https://repo.maven.apache.org/maven2/com/github/jknack/handlebars-helpers/4.1.2/handlebars-helpers-4.1.2.pom
2020-04-11 10:25:23,576 [Worker-10] INFO  o.e.m.c.i.e.AbstractTransferListenerAdapter - Downloading https://repo.maven.apache.org/maven2/org/apache/commons/commons-lang3/3.8.1/commons-lang3-3.8.1.pom
2020-04-11 10:25:23,801 [Worker-10] INFO  o.e.m.c.i.e.AbstractTransferListenerAdapter - Downloaded https://repo.maven.apache.org/maven2/org/apache/commons/commons-lang3/3.8.1/commons-lang3-3.8.1.pom
2020-04-11 10:25:23,963 [Worker-10] INFO  o.e.m.c.i.e.AbstractTransferListenerAdapter - Downloading https://repo.maven.apache.org/maven2/org/apache/commons/commons-parent/47/commons-parent-47.pom
2020-04-11 10:25:24,314 [Worker-10] INFO  o.e.m.c.i.e.AbstractTransferListenerAdapter - Downloaded https://repo.maven.apache.org/maven2/org/apache/commons/commons-parent/47/commons-parent-47.pom
2020-04-11 10:25:24,743 [Worker-10] INFO  o.e.m.c.i.e.AbstractTransferListenerAdapter - Downloading https://repo.maven.apache.org/maven2/io/rest-assured/rest-assured/3.3.0/rest-assured-3.3.0.jar
2020-04-11 10:25:28,179 [Worker-10] INFO  o.e.m.c.i.e.AbstractTransferListenerAdapter - Downloaded https://repo.maven.apache.org/maven2/io/rest-assured/rest-assured/3.3.0/rest-assured-3.3.0.jar
2020-04-11 10:25:28,334 [Worker-10] INFO  o.e.m.c.i.e.AbstractTransferListenerAdapter - Downloading https://repo.maven.apache.org/maven2/org/codehaus/groovy/groovy/2.4.15/groovy-2.4.15.jar
2020-04-11 10:25:37,009 [Worker-10] INFO  o.e.m.c.i.e.AbstractTransferListenerAdapter - Downloaded https://repo.maven.apache.org/maven2/org/codehaus/groovy/groovy/2.4.15/groovy-2.4.15.jar
2020-04-11 10:25:37,150 [Worker-10] INFO  o.e.m.c.i.e.AbstractTransferListenerAdapter - Downloading https://repo.maven.apache.org/maven2/org/codehaus/groovy/groovy-xml/2.4.15/groovy-xml-2.4.15.jar
2020-04-11 10:25:37,601 [Worker-10] INFO  o.e.m.c.i.e.AbstractTransferListenerAdapter - Downloaded https://repo.maven.apache.org/maven2/org/codehaus/groovy/groovy-xml/2.4.15/groovy-xml-2.4.15.jar
2020-04-11 10:25:37,742 [Worker-10] INFO  o.e.m.c.i.e.AbstractTransferListenerAdapter - Downloading https://repo.maven.apache.org/maven2/io/rest-assured/json-path/3.3.0/json-path-3.3.0.jar
2020-04-11 10:25:38,037 [Worker-10] INFO  o.e.m.c.i.e.AbstractTransferListenerAdapter - Downloaded https://repo.maven.apache.org/maven2/io/rest-assured/json-path/3.3.0/json-path-3.3.0.jar
2020-04-11 10:25:38,177 [Worker-10] INFO  o.e.m.c.i.e.AbstractTransferListenerAdapter - Downloading https://repo.maven.apache.org/maven2/org/codehaus/groovy/groovy-json/2.4.15/groovy-json-2.4.15.jar
2020-04-11 10:25:38,482 [Worker-10] INFO  o.e.m.c.i.e.AbstractTransferListenerAdapter - Downloaded https://repo.maven.apache.org/maven2/org/codehaus/groovy/groovy-json/2.4.15/groovy-json-2.4.15.jar
2020-04-11 10:25:38,624 [Worker-10] INFO  o.e.m.c.i.e.AbstractTransferListenerAdapter - Downloading https://repo.maven.apache.org/maven2/io/rest-assured/rest-assured-common/3.3.0/rest-assured-common-3.3.0.jar
2020-04-11 10:25:39,274 [Worker-10] INFO  o.e.m.c.i.e.AbstractTransferListenerAdapter - Downloaded https://repo.maven.apache.org/maven2/io/rest-assured/rest-assured-common/3.3.0/rest-assured-common-3.3.0.jar
2020-04-11 10:25:39,414 [Worker-10] INFO  o.e.m.c.i.e.AbstractTransferListenerAdapter - Downloading https://repo.maven.apache.org/maven2/io/rest-assured/xml-path/3.3.0/xml-path-3.3.0.jar
2020-04-11 10:25:39,688 [Worker-10] INFO  o.e.m.c.i.e.AbstractTransferListenerAdapter - Downloaded https://repo.maven.apache.org/maven2/io/rest-assured/xml-path/3.3.0/xml-path-3.3.0.jar
2020-04-11 10:25:39,832 [Worker-10] INFO  o.e.m.c.i.e.AbstractTransferListenerAdapter - Downloading https://repo.maven.apache.org/maven2/javax/xml/bind/jaxb-api/2.2.12/jaxb-api-2.2.12.jar
2020-04-11 10:25:40,087 [Worker-10] INFO  o.e.m.c.i.e.AbstractTransferListenerAdapter - Downloaded https://repo.maven.apache.org/maven2/javax/xml/bind/jaxb-api/2.2.12/jaxb-api-2.2.12.jar
2020-04-11 10:25:40,233 [Worker-10] INFO  o.e.m.c.i.e.AbstractTransferListenerAdapter - Downloading https://repo.maven.apache.org/maven2/com/sun/xml/bind/jaxb-osgi/2.2.10/jaxb-osgi-2.2.10.jar
2020-04-11 10:25:47,688 [Worker-10] INFO  o.e.m.c.i.e.AbstractTransferListenerAdapter - Downloaded https://repo.maven.apache.org/maven2/com/sun/xml/bind/jaxb-osgi/2.2.10/jaxb-osgi-2.2.10.jar
2020-04-11 10:25:47,833 [Worker-10] INFO  o.e.m.c.i.e.AbstractTransferListenerAdapter - Downloading https://repo.maven.apache.org/maven2/com/tngtech/junit/dataprovider/junit4-dataprovider/2.4/junit4-dataprovider-2.4.jar
2020-04-11 10:25:48,523 [Worker-10] INFO  o.e.m.c.i.e.AbstractTransferListenerAdapter - Downloaded https://repo.maven.apache.org/maven2/com/tngtech/junit/dataprovider/junit4-dataprovider/2.4/junit4-dataprovider-2.4.jar
2020-04-11 10:25:48,664 [Worker-10] INFO  o.e.m.c.i.e.AbstractTransferListenerAdapter - Downloading https://repo.maven.apache.org/maven2/com/tngtech/junit/dataprovider/junit-dataprovider-core/2.4/junit-dataprovider-core-2.4.jar
2020-04-11 10:25:49,285 [Worker-10] INFO  o.e.m.c.i.e.AbstractTransferListenerAdapter - Downloaded https://repo.maven.apache.org/maven2/com/tngtech/junit/dataprovider/junit-dataprovider-core/2.4/junit-dataprovider-core-2.4.jar
2020-04-11 10:25:49,428 [Worker-10] INFO  o.e.m.c.i.e.AbstractTransferListenerAdapter - Downloading https://repo.maven.apache.org/maven2/com/github/spotbugs/spotbugs-annotations/3.1.5/spotbugs-annotations-3.1.5.jar
2020-04-11 10:25:49,922 [Worker-10] INFO  o.e.m.c.i.e.AbstractTransferListenerAdapter - Downloaded https://repo.maven.apache.org/maven2/com/github/spotbugs/spotbugs-annotations/3.1.5/spotbugs-annotations-3.1.5.jar
2020-04-11 10:25:50,064 [Worker-10] INFO  o.e.m.c.i.e.AbstractTransferListenerAdapter - Downloading https://repo.maven.apache.org/maven2/com/google/code/findbugs/jsr305/3.0.2/jsr305-3.0.2.jar
2020-04-11 10:25:50,564 [Worker-10] INFO  o.e.m.c.i.e.AbstractTransferListenerAdapter - Downloaded https://repo.maven.apache.org/maven2/com/google/code/findbugs/jsr305/3.0.2/jsr305-3.0.2.jar
2020-04-11 10:25:50,711 [Worker-10] INFO  o.e.m.c.i.e.AbstractTransferListenerAdapter - Downloading https://repo.maven.apache.org/maven2/com/fasterxml/jackson/core/jackson-databind/2.9.8/jackson-databind-2.9.8.jar
2020-04-11 10:25:53,644 [Worker-10] INFO  o.e.m.c.i.e.AbstractTransferListenerAdapter - Downloaded https://repo.maven.apache.org/maven2/com/fasterxml/jackson/core/jackson-databind/2.9.8/jackson-databind-2.9.8.jar
2020-04-11 10:25:53,788 [Worker-10] INFO  o.e.m.c.i.e.AbstractTransferListenerAdapter - Downloading https://repo.maven.apache.org/maven2/com/fasterxml/jackson/core/jackson-core/2.9.8/jackson-core-2.9.8.jar
2020-04-11 10:25:54,472 [Worker-10] INFO  o.e.m.c.i.e.AbstractTransferListenerAdapter - Downloaded https://repo.maven.apache.org/maven2/com/fasterxml/jackson/core/jackson-core/2.9.8/jackson-core-2.9.8.jar
2020-04-11 10:25:54,621 [Worker-10] INFO  o.e.m.c.i.e.AbstractTransferListenerAdapter - Downloading https://repo.maven.apache.org/maven2/com/github/tomakehurst/wiremock-jre8/2.21.0/wiremock-jre8-2.21.0.jar
2020-04-11 10:25:57,903 [Worker-10] INFO  o.e.m.c.i.e.AbstractTransferListenerAdapter - Downloaded https://repo.maven.apache.org/maven2/com/github/tomakehurst/wiremock-jre8/2.21.0/wiremock-jre8-2.21.0.jar
2020-04-11 10:25:58,049 [Worker-10] INFO  o.e.m.c.i.e.AbstractTransferListenerAdapter - Downloading https://repo.maven.apache.org/maven2/org/eclipse/jetty/jetty-server/9.4.14.v20181114/jetty-server-9.4.14.v20181114.jar
2020-04-11 10:25:59,709 [Worker-10] INFO  o.e.m.c.i.e.AbstractTransferListenerAdapter - Downloaded https://repo.maven.apache.org/maven2/org/eclipse/jetty/jetty-server/9.4.14.v20181114/jetty-server-9.4.14.v20181114.jar
2020-04-11 10:25:59,855 [Worker-10] INFO  o.e.m.c.i.e.AbstractTransferListenerAdapter - Downloading https://repo.maven.apache.org/maven2/org/eclipse/jetty/jetty-http/9.4.14.v20181114/jetty-http-9.4.14.v20181114.jar
2020-04-11 10:26:00,559 [Worker-10] INFO  o.e.m.c.i.e.AbstractTransferListenerAdapter - Downloaded https://repo.maven.apache.org/maven2/org/eclipse/jetty/jetty-http/9.4.14.v20181114/jetty-http-9.4.14.v20181114.jar
2020-04-11 10:26:00,702 [Worker-10] INFO  o.e.m.c.i.e.AbstractTransferListenerAdapter - Downloading https://repo.maven.apache.org/maven2/org/eclipse/jetty/jetty-io/9.4.14.v20181114/jetty-io-9.4.14.v20181114.jar
2020-04-11 10:26:01,109 [Worker-10] INFO  o.e.m.c.i.e.AbstractTransferListenerAdapter - Downloaded https://repo.maven.apache.org/maven2/org/eclipse/jetty/jetty-io/9.4.14.v20181114/jetty-io-9.4.14.v20181114.jar
2020-04-11 10:26:01,252 [Worker-10] INFO  o.e.m.c.i.e.AbstractTransferListenerAdapter - Downloading https://repo.maven.apache.org/maven2/org/eclipse/jetty/jetty-servlet/9.4.14.v20181114/jetty-servlet-9.4.14.v20181114.jar
2020-04-11 10:26:01,609 [Worker-10] INFO  o.e.m.c.i.e.AbstractTransferListenerAdapter - Downloaded https://repo.maven.apache.org/maven2/org/eclipse/jetty/jetty-servlet/9.4.14.v20181114/jetty-servlet-9.4.14.v20181114.jar
2020-04-11 10:26:01,751 [Worker-10] INFO  o.e.m.c.i.e.AbstractTransferListenerAdapter - Downloading https://repo.maven.apache.org/maven2/org/eclipse/jetty/jetty-security/9.4.14.v20181114/jetty-security-9.4.14.v20181114.jar
2020-04-11 10:26:02,109 [Worker-10] INFO  o.e.m.c.i.e.AbstractTransferListenerAdapter - Downloaded https://repo.maven.apache.org/maven2/org/eclipse/jetty/jetty-security/9.4.14.v20181114/jetty-security-9.4.14.v20181114.jar
2020-04-11 10:26:02,253 [Worker-10] INFO  o.e.m.c.i.e.AbstractTransferListenerAdapter - Downloading https://repo.maven.apache.org/maven2/org/eclipse/jetty/jetty-servlets/9.4.14.v20181114/jetty-servlets-9.4.14.v20181114.jar
2020-04-11 10:26:02,602 [Worker-10] INFO  o.e.m.c.i.e.AbstractTransferListenerAdapter - Downloaded https://repo.maven.apache.org/maven2/org/eclipse/jetty/jetty-servlets/9.4.14.v20181114/jetty-servlets-9.4.14.v20181114.jar
2020-04-11 10:26:02,746 [Worker-10] INFO  o.e.m.c.i.e.AbstractTransferListenerAdapter - Downloading https://repo.maven.apache.org/maven2/org/eclipse/jetty/jetty-continuation/9.4.14.v20181114/jetty-continuation-9.4.14.v20181114.jar
2020-04-11 10:26:03,258 [Worker-10] INFO  o.e.m.c.i.e.AbstractTransferListenerAdapter - Downloaded https://repo.maven.apache.org/maven2/org/eclipse/jetty/jetty-continuation/9.4.14.v20181114/jetty-continuation-9.4.14.v20181114.jar
2020-04-11 10:26:03,404 [Worker-10] INFO  o.e.m.c.i.e.AbstractTransferListenerAdapter - Downloading https://repo.maven.apache.org/maven2/org/eclipse/jetty/jetty-util/9.4.14.v20181114/jetty-util-9.4.14.v20181114.jar
2020-04-11 10:26:04,324 [Worker-10] INFO  o.e.m.c.i.e.AbstractTransferListenerAdapter - Downloaded https://repo.maven.apache.org/maven2/org/eclipse/jetty/jetty-util/9.4.14.v20181114/jetty-util-9.4.14.v20181114.jar
2020-04-11 10:26:04,465 [Worker-10] INFO  o.e.m.c.i.e.AbstractTransferListenerAdapter - Downloading https://repo.maven.apache.org/maven2/org/eclipse/jetty/jetty-webapp/9.4.14.v20181114/jetty-webapp-9.4.14.v20181114.jar
2020-04-11 10:26:04,837 [Worker-10] INFO  o.e.m.c.i.e.AbstractTransferListenerAdapter - Downloaded https://repo.maven.apache.org/maven2/org/eclipse/jetty/jetty-webapp/9.4.14.v20181114/jetty-webapp-9.4.14.v20181114.jar
2020-04-11 10:26:04,981 [Worker-10] INFO  o.e.m.c.i.e.AbstractTransferListenerAdapter - Downloading https://repo.maven.apache.org/maven2/org/eclipse/jetty/jetty-xml/9.4.14.v20181114/jetty-xml-9.4.14.v20181114.jar
2020-04-11 10:26:05,263 [Worker-10] INFO  o.e.m.c.i.e.AbstractTransferListenerAdapter - Downloaded https://repo.maven.apache.org/maven2/org/eclipse/jetty/jetty-xml/9.4.14.v20181114/jetty-xml-9.4.14.v20181114.jar
2020-04-11 10:26:05,411 [Worker-10] INFO  o.e.m.c.i.e.AbstractTransferListenerAdapter - Downloading https://repo.maven.apache.org/maven2/com/google/guava/guava/27.0.1-jre/guava-27.0.1-jre.jar
2020-04-11 10:26:14,552 [Worker-10] INFO  o.e.m.c.i.e.AbstractTransferListenerAdapter - Downloaded https://repo.maven.apache.org/maven2/com/google/guava/guava/27.0.1-jre/guava-27.0.1-jre.jar
2020-04-11 10:26:14,711 [Worker-10] INFO  o.e.m.c.i.e.AbstractTransferListenerAdapter - Downloading https://repo.maven.apache.org/maven2/com/google/guava/failureaccess/1.0.1/failureaccess-1.0.1.jar
2020-04-11 10:26:15,061 [Worker-10] INFO  o.e.m.c.i.e.AbstractTransferListenerAdapter - Downloaded https://repo.maven.apache.org/maven2/com/google/guava/failureaccess/1.0.1/failureaccess-1.0.1.jar
2020-04-11 10:26:15,211 [Worker-10] INFO  o.e.m.c.i.e.AbstractTransferListenerAdapter - Downloading https://repo.maven.apache.org/maven2/com/google/guava/listenablefuture/9999.0-empty-to-avoid-conflict-with-guava/listenablefuture-9999.0-empty-to-avoid-conflict-with-guava.jar
2020-04-11 10:26:15,479 [Worker-10] INFO  o.e.m.c.i.e.AbstractTransferListenerAdapter - Downloaded https://repo.maven.apache.org/maven2/com/google/guava/listenablefuture/9999.0-empty-to-avoid-conflict-with-guava/listenablefuture-9999.0-empty-to-avoid-conflict-with-guava.jar
2020-04-11 10:26:15,623 [Worker-10] INFO  o.e.m.c.i.e.AbstractTransferListenerAdapter - Downloading https://repo.maven.apache.org/maven2/org/checkerframework/checker-qual/2.5.2/checker-qual-2.5.2.jar
2020-04-11 10:26:16,166 [Worker-10] INFO  o.e.m.c.i.e.AbstractTransferListenerAdapter - Downloaded https://repo.maven.apache.org/maven2/org/checkerframework/checker-qual/2.5.2/checker-qual-2.5.2.jar
2020-04-11 10:26:16,312 [Worker-10] INFO  o.e.m.c.i.e.AbstractTransferListenerAdapter - Downloading https://repo.maven.apache.org/maven2/com/google/errorprone/error_prone_annotations/2.2.0/error_prone_annotations-2.2.0.jar
2020-04-11 10:26:16,776 [Worker-10] INFO  o.e.m.c.i.e.AbstractTransferListenerAdapter - Downloaded https://repo.maven.apache.org/maven2/com/google/errorprone/error_prone_annotations/2.2.0/error_prone_annotations-2.2.0.jar
2020-04-11 10:26:16,930 [Worker-10] INFO  o.e.m.c.i.e.AbstractTransferListenerAdapter - Downloading https://repo.maven.apache.org/maven2/org/codehaus/mojo/animal-sniffer-annotations/1.17/animal-sniffer-annotations-1.17.jar
2020-04-11 10:26:17,197 [Worker-10] INFO  o.e.m.c.i.e.AbstractTransferListenerAdapter - Downloaded https://repo.maven.apache.org/maven2/org/codehaus/mojo/animal-sniffer-annotations/1.17/animal-sniffer-annotations-1.17.jar
2020-04-11 10:26:17,343 [Worker-10] INFO  o.e.m.c.i.e.AbstractTransferListenerAdapter - Downloading https://repo.maven.apache.org/maven2/org/xmlunit/xmlunit-core/2.5.1/xmlunit-core-2.5.1.jar
2020-04-11 10:26:17,834 [Worker-10] INFO  o.e.m.c.i.e.AbstractTransferListenerAdapter - Downloaded https://repo.maven.apache.org/maven2/org/xmlunit/xmlunit-core/2.5.1/xmlunit-core-2.5.1.jar
2020-04-11 10:26:17,976 [Worker-10] INFO  o.e.m.c.i.e.AbstractTransferListenerAdapter - Downloading https://repo.maven.apache.org/maven2/org/xmlunit/xmlunit-legacy/2.5.1/xmlunit-legacy-2.5.1.jar
2020-04-11 10:26:18,411 [Worker-10] INFO  o.e.m.c.i.e.AbstractTransferListenerAdapter - Downloaded https://repo.maven.apache.org/maven2/org/xmlunit/xmlunit-legacy/2.5.1/xmlunit-legacy-2.5.1.jar
2020-04-11 10:26:18,553 [Worker-10] INFO  o.e.m.c.i.e.AbstractTransferListenerAdapter - Downloading https://repo.maven.apache.org/maven2/com/jayway/jsonpath/json-path/2.4.0/json-path-2.4.0.jar
2020-04-11 10:26:19,145 [Worker-10] INFO  o.e.m.c.i.e.AbstractTransferListenerAdapter - Downloaded https://repo.maven.apache.org/maven2/com/jayway/jsonpath/json-path/2.4.0/json-path-2.4.0.jar
2020-04-11 10:26:19,288 [Worker-10] INFO  o.e.m.c.i.e.AbstractTransferListenerAdapter - Downloading https://repo.maven.apache.org/maven2/net/minidev/json-smart/2.3/json-smart-2.3.jar
2020-04-11 10:26:19,700 [Worker-10] INFO  o.e.m.c.i.e.AbstractTransferListenerAdapter - Downloaded https://repo.maven.apache.org/maven2/net/minidev/json-smart/2.3/json-smart-2.3.jar
2020-04-11 10:26:19,842 [Worker-10] INFO  o.e.m.c.i.e.AbstractTransferListenerAdapter - Downloading https://repo.maven.apache.org/maven2/net/minidev/accessors-smart/1.2/accessors-smart-1.2.jar
2020-04-11 10:26:20,329 [Worker-10] INFO  o.e.m.c.i.e.AbstractTransferListenerAdapter - Downloaded https://repo.maven.apache.org/maven2/net/minidev/accessors-smart/1.2/accessors-smart-1.2.jar
2020-04-11 10:26:20,474 [Worker-10] INFO  o.e.m.c.i.e.AbstractTransferListenerAdapter - Downloading https://repo.maven.apache.org/maven2/org/ow2/asm/asm/7.0/asm-7.0.jar
2020-04-11 10:26:20,876 [Worker-10] INFO  o.e.m.c.i.e.AbstractTransferListenerAdapter - Downloaded https://repo.maven.apache.org/maven2/org/ow2/asm/asm/7.0/asm-7.0.jar
2020-04-11 10:26:21,021 [Worker-10] INFO  o.e.m.c.i.e.AbstractTransferListenerAdapter - Downloading https://repo.maven.apache.org/maven2/org/slf4j/slf4j-api/1.7.12/slf4j-api-1.7.12.jar
2020-04-11 10:26:21,699 [Worker-10] INFO  o.e.m.c.i.e.AbstractTransferListenerAdapter - Downloaded https://repo.maven.apache.org/maven2/org/slf4j/slf4j-api/1.7.12/slf4j-api-1.7.12.jar
2020-04-11 10:26:21,842 [Worker-10] INFO  o.e.m.c.i.e.AbstractTransferListenerAdapter - Downloading https://repo.maven.apache.org/maven2/org/apache/commons/commons-lang3/3.7/commons-lang3-3.7.jar
2020-04-11 10:26:23,054 [Worker-10] INFO  o.e.m.c.i.e.AbstractTransferListenerAdapter - Downloaded https://repo.maven.apache.org/maven2/org/apache/commons/commons-lang3/3.7/commons-lang3-3.7.jar
2020-04-11 10:26:23,199 [Worker-10] INFO  o.e.m.c.i.e.AbstractTransferListenerAdapter - Downloading https://repo.maven.apache.org/maven2/com/flipkart/zjsonpatch/zjsonpatch/0.4.4/zjsonpatch-0.4.4.jar
2020-04-11 10:26:23,642 [Worker-10] INFO  o.e.m.c.i.e.AbstractTransferListenerAdapter - Downloaded https://repo.maven.apache.org/maven2/com/flipkart/zjsonpatch/zjsonpatch/0.4.4/zjsonpatch-0.4.4.jar
2020-04-11 10:26:23,787 [Worker-10] INFO  o.e.m.c.i.e.AbstractTransferListenerAdapter - Downloading https://repo.maven.apache.org/maven2/com/github/jknack/handlebars/4.1.2/handlebars-4.1.2.jar
2020-04-11 10:26:25,579 [Worker-10] INFO  o.e.m.c.i.e.AbstractTransferListenerAdapter - Downloaded https://repo.maven.apache.org/maven2/com/github/jknack/handlebars/4.1.2/handlebars-4.1.2.jar
2020-04-11 10:26:25,721 [Worker-10] INFO  o.e.m.c.i.e.AbstractTransferListenerAdapter - Downloading https://repo.maven.apache.org/maven2/com/github/jknack/handlebars-helpers/4.1.2/handlebars-helpers-4.1.2.jar
2020-04-11 10:26:26,179 [Worker-10] INFO  o.e.m.c.i.e.AbstractTransferListenerAdapter - Downloaded https://repo.maven.apache.org/maven2/com/github/jknack/handlebars-helpers/4.1.2/handlebars-helpers-4.1.2.jar
2020-04-11 10:26:42,709 [Worker-10] WARN  o.e.m.c.i.embedder.EclipseLogger - Using platform encoding (Cp1252 actually) to copy filtered resources, i.e. build is platform dependent!
2020-04-11 10:26:42,802 [Worker-10] INFO  o.e.m.c.i.embedder.EclipseLogger - Copying 0 resource
2020-04-11 10:26:42,806 [Worker-10] WARN  o.e.m.c.i.embedder.EclipseLogger - Using platform encoding (Cp1252 actually) to copy filtered resources, i.e. build is platform dependent!
2020-04-11 10:26:42,827 [Worker-10] INFO  o.e.m.c.i.embedder.EclipseLogger - Copying 0 resource
2020-04-11 10:26:46,257 [Worker-10] WARN  o.e.m.c.i.embedder.EclipseLogger - The POM for com.sun.xml.bind:jaxb-osgi:jar:2.2.10 is invalid, transitive dependencies (if any) will not be available, enable debug logging for more details
2020-04-11 10:26:46,679 [Worker-10] WARN  o.e.m.c.i.embedder.EclipseLogger - Using platform encoding (Cp1252 actually) to copy filtered resources, i.e. build is platform dependent!
2020-04-11 10:26:46,741 [Worker-10] INFO  o.e.m.c.i.embedder.EclipseLogger - Copying 0 resource
2020-04-11 10:26:46,742 [Worker-10] WARN  o.e.m.c.i.embedder.EclipseLogger - Using platform encoding (Cp1252 actually) to copy filtered resources, i.e. build is platform dependent!
2020-04-11 10:26:46,754 [Worker-10] INFO  o.e.m.c.i.embedder.EclipseLogger - Copying 0 resource
2020-04-11 10:30:37,573 [Worker-19] WARN  o.e.m.c.i.embedder.EclipseLogger - Using platform encoding (Cp1252 actually) to copy filtered resources, i.e. build is platform dependent!
2020-04-11 10:30:37,699 [Worker-19] INFO  o.e.m.c.i.embedder.EclipseLogger - Copying 0 resource
2020-04-11 10:30:37,702 [Worker-19] WARN  o.e.m.c.i.embedder.EclipseLogger - Using platform encoding (Cp1252 actually) to copy filtered resources, i.e. build is platform dependent!
2020-04-11 10:30:37,728 [Worker-19] INFO  o.e.m.c.i.embedder.EclipseLogger - Copying 0 resource
2020-04-11 10:31:11,609 [Worker-20] WARN  o.e.m.c.i.embedder.EclipseLogger - Using platform encoding (Cp1252 actually) to copy filtered resources, i.e. build is platform dependent!
2020-04-11 10:31:11,622 [Worker-20] INFO  o.e.m.c.i.embedder.EclipseLogger - Copying 0 resource
2020-04-11 10:31:11,625 [Worker-20] WARN  o.e.m.c.i.embedder.EclipseLogger - Using platform encoding (Cp1252 actually) to copy filtered resources, i.e. build is platform dependent!
2020-04-11 10:31:11,641 [Worker-20] INFO  o.e.m.c.i.embedder.EclipseLogger - Copying 0 resource
2020-04-11 10:31:12,714 [Worker-20] WARN  o.e.m.c.i.embedder.EclipseLogger - Using platform encoding (Cp1252 actually) to copy filtered resources, i.e. build is platform dependent!
2020-04-11 10:31:12,747 [Worker-20] INFO  o.e.m.c.i.embedder.EclipseLogger - Copying 0 resource
2020-04-11 10:31:12,749 [Worker-20] WARN  o.e.m.c.i.embedder.EclipseLogger - Using platform encoding (Cp1252 actually) to copy filtered resources, i.e. build is platform dependent!
2020-04-11 10:31:12,764 [Worker-20] INFO  o.e.m.c.i.embedder.EclipseLogger - Copying 0 resource
2020-04-11 10:31:58,223 [Worker-19] WARN  o.e.m.c.i.embedder.EclipseLogger - Using platform encoding (Cp1252 actually) to copy filtered resources, i.e. build is platform dependent!
2020-04-11 10:31:58,231 [Worker-19] INFO  o.e.m.c.i.embedder.EclipseLogger - Copying 0 resource
2020-04-11 10:31:58,232 [Worker-19] WARN  o.e.m.c.i.embedder.EclipseLogger - Using platform encoding (Cp1252 actually) to copy filtered resources, i.e. build is platform dependent!
2020-04-11 10:31:58,240 [Worker-19] INFO  o.e.m.c.i.embedder.EclipseLogger - Copying 0 resource
2020-04-11 10:32:22,577 [Worker-4] WARN  o.e.r.models.ModelRepository - Failed to download org.eclipse.recommenders:index::zip:0.0.0
org.eclipse.aether.resolution.ArtifactResolutionException: Could not find artifact org.eclipse.recommenders:index:zip:0.0.0-SNAPSHOT in models (http://download.eclipse.org/recommenders/models/oxygen/)
	at org.eclipse.aether.internal.impl.DefaultArtifactResolver.resolve(DefaultArtifactResolver.java:453) ~[na:na]
	at org.eclipse.aether.internal.impl.DefaultArtifactResolver.resolveArtifacts(DefaultArtifactResolver.java:255) ~[na:na]
	at org.eclipse.aether.internal.impl.DefaultArtifactResolver.resolveArtifact(DefaultArtifactResolver.java:232) ~[na:na]
	at org.eclipse.aether.internal.impl.DefaultRepositorySystem.resolveArtifact(DefaultRepositorySystem.java:303) ~[na:na]
	at org.eclipse.recommenders.models.ModelRepository.resolveInternal(ModelRepository.java:193) [org.eclipse.recommenders.models_2.5.2.v20180401-1226.jar:na]
	at org.eclipse.recommenders.models.ModelRepository.resolve(ModelRepository.java:172) [org.eclipse.recommenders.models_2.5.2.v20180401-1226.jar:na]
	at org.eclipse.recommenders.internal.models.rcp.EclipseModelRepository.resolve(EclipseModelRepository.java:168) [org.eclipse.recommenders.models.rcp_2.5.2.v20180401-1226.jar:na]
	at org.eclipse.recommenders.internal.models.rcp.DownloadModelArchiveJob.run(DownloadModelArchiveJob.java:76) [org.eclipse.recommenders.models.rcp_2.5.2.v20180401-1226.jar:na]
	at org.eclipse.core.internal.jobs.Worker.run(Worker.java:56) [org.eclipse.core.jobs_3.9.3.v20180115-1757.jar:na]
Caused by: org.eclipse.aether.transfer.ArtifactNotFoundException: Could not find artifact org.eclipse.recommenders:index:zip:0.0.0-SNAPSHOT in models (http://download.eclipse.org/recommenders/models/oxygen/)
	at org.eclipse.aether.connector.basic.ArtifactTransportListener.transferFailed(ArtifactTransportListener.java:48) ~[org.apache.maven.resolver.connector.basic_1.0.3.v20170405-0725.jar:1.0.3]
	at org.eclipse.aether.connector.basic.BasicRepositoryConnector$TaskRunner.run(BasicRepositoryConnector.java:364) ~[org.apache.maven.resolver.connector.basic_1.0.3.v20170405-0725.jar:1.0.3]
	at org.eclipse.aether.util.concurrency.RunnableErrorForwarder$1.run(RunnableErrorForwarder.java:76) ~[na:na]
	at org.eclipse.aether.connector.basic.BasicRepositoryConnector$DirectExecutor.execute(BasicRepositoryConnector.java:590) ~[org.apache.maven.resolver.connector.basic_1.0.3.v20170405-0725.jar:1.0.3]
	at org.eclipse.aether.connector.basic.BasicRepositoryConnector.get(BasicRepositoryConnector.java:258) ~[org.apache.maven.resolver.connector.basic_1.0.3.v20170405-0725.jar:1.0.3]
	at org.eclipse.aether.internal.impl.DefaultArtifactResolver.performDownloads(DefaultArtifactResolver.java:529) ~[na:na]
	at org.eclipse.aether.internal.impl.DefaultArtifactResolver.resolve(DefaultArtifactResolver.java:430) ~[na:na]
	... 8 common frames omitted
2020-04-11 10:38:31,324 [Worker-21] WARN  o.e.m.c.i.embedder.EclipseLogger - Using platform encoding (Cp1252 actually) to copy filtered resources, i.e. build is platform dependent!
2020-04-11 10:38:31,339 [Worker-21] INFO  o.e.m.c.i.embedder.EclipseLogger - Copying 0 resource
2020-04-11 10:38:31,341 [Worker-21] WARN  o.e.m.c.i.embedder.EclipseLogger - Using platform encoding (Cp1252 actually) to copy filtered resources, i.e. build is platform dependent!
2020-04-11 10:38:31,350 [Worker-21] INFO  o.e.m.c.i.embedder.EclipseLogger - Copying 0 resource
2020-04-11 10:39:04,077 [Worker-23] WARN  o.e.m.c.i.embedder.EclipseLogger - Using platform encoding (Cp1252 actually) to copy filtered resources, i.e. build is platform dependent!
2020-04-11 10:39:04,088 [Worker-23] INFO  o.e.m.c.i.embedder.EclipseLogger - Copying 0 resource
2020-04-11 10:39:04,091 [Worker-23] WARN  o.e.m.c.i.embedder.EclipseLogger - Using platform encoding (Cp1252 actually) to copy filtered resources, i.e. build is platform dependent!
2020-04-11 10:39:04,105 [Worker-23] INFO  o.e.m.c.i.embedder.EclipseLogger - Copying 0 resource
2020-04-11 10:41:17,088 [Worker-19] WARN  o.e.m.c.i.embedder.EclipseLogger - Using platform encoding (Cp1252 actually) to copy filtered resources, i.e. build is platform dependent!
2020-04-11 10:41:17,099 [Worker-19] INFO  o.e.m.c.i.embedder.EclipseLogger - Copying 0 resource
2020-04-11 10:41:17,101 [Worker-19] WARN  o.e.m.c.i.embedder.EclipseLogger - Using platform encoding (Cp1252 actually) to copy filtered resources, i.e. build is platform dependent!
2020-04-11 10:41:17,127 [Worker-19] INFO  o.e.m.c.i.embedder.EclipseLogger - Copying 0 resource
2020-04-11 10:54:16,713 [Worker-25] WARN  o.e.m.c.i.embedder.EclipseLogger - Using platform encoding (Cp1252 actually) to copy filtered resources, i.e. build is platform dependent!
2020-04-11 10:54:16,730 [Worker-25] INFO  o.e.m.c.i.embedder.EclipseLogger - Copying 0 resource
2020-04-11 10:54:16,740 [Worker-25] WARN  o.e.m.c.i.embedder.EclipseLogger - Using platform encoding (Cp1252 actually) to copy filtered resources, i.e. build is platform dependent!
2020-04-11 10:54:16,764 [Worker-25] INFO  o.e.m.c.i.embedder.EclipseLogger - Copying 0 resource
2020-04-11 10:55:29,341 [Worker-28] WARN  o.e.m.c.i.embedder.EclipseLogger - Using platform encoding (Cp1252 actually) to copy filtered resources, i.e. build is platform dependent!
2020-04-11 10:55:29,350 [Worker-28] INFO  o.e.m.c.i.embedder.EclipseLogger - Copying 0 resource
2020-04-11 10:55:29,351 [Worker-28] WARN  o.e.m.c.i.embedder.EclipseLogger - Using platform encoding (Cp1252 actually) to copy filtered resources, i.e. build is platform dependent!
2020-04-11 10:55:29,361 [Worker-28] INFO  o.e.m.c.i.embedder.EclipseLogger - Copying 0 resource
2020-04-11 11:08:17,080 [Worker-30] WARN  o.e.m.c.i.embedder.EclipseLogger - Using platform encoding (Cp1252 actually) to copy filtered resources, i.e. build is platform dependent!
2020-04-11 11:08:17,105 [Worker-30] INFO  o.e.m.c.i.embedder.EclipseLogger - Copying 0 resource
2020-04-11 11:08:17,107 [Worker-30] WARN  o.e.m.c.i.embedder.EclipseLogger - Using platform encoding (Cp1252 actually) to copy filtered resources, i.e. build is platform dependent!
2020-04-11 11:08:17,128 [Worker-30] INFO  o.e.m.c.i.embedder.EclipseLogger - Copying 0 resource
2020-04-11 11:11:15,292 [Worker-34] WARN  o.e.m.c.i.embedder.EclipseLogger - Using platform encoding (Cp1252 actually) to copy filtered resources, i.e. build is platform dependent!
2020-04-11 11:11:15,300 [Worker-34] INFO  o.e.m.c.i.embedder.EclipseLogger - Copying 0 resource
2020-04-11 11:11:15,301 [Worker-34] WARN  o.e.m.c.i.embedder.EclipseLogger - Using platform encoding (Cp1252 actually) to copy filtered resources, i.e. build is platform dependent!
2020-04-11 11:11:15,310 [Worker-34] INFO  o.e.m.c.i.embedder.EclipseLogger - Copying 0 resource
2020-04-11 11:11:37,043 [Worker-31] WARN  o.e.m.c.i.embedder.EclipseLogger - Using platform encoding (Cp1252 actually) to copy filtered resources, i.e. build is platform dependent!
2020-04-11 11:11:37,051 [Worker-31] INFO  o.e.m.c.i.embedder.EclipseLogger - Copying 0 resource
2020-04-11 11:11:37,052 [Worker-31] WARN  o.e.m.c.i.embedder.EclipseLogger - Using platform encoding (Cp1252 actually) to copy filtered resources, i.e. build is platform dependent!
2020-04-11 11:11:37,065 [Worker-31] INFO  o.e.m.c.i.embedder.EclipseLogger - Copying 0 resource
2020-04-11 11:14:33,803 [Worker-37] WARN  o.e.m.c.i.embedder.EclipseLogger - Using platform encoding (Cp1252 actually) to copy filtered resources, i.e. build is platform dependent!
2020-04-11 11:14:33,813 [Worker-37] INFO  o.e.m.c.i.embedder.EclipseLogger - Copying 0 resource
2020-04-11 11:14:33,815 [Worker-37] WARN  o.e.m.c.i.embedder.EclipseLogger - Using platform encoding (Cp1252 actually) to copy filtered resources, i.e. build is platform dependent!
2020-04-11 11:14:33,827 [Worker-37] INFO  o.e.m.c.i.embedder.EclipseLogger - Copying 0 resource
2020-04-11 11:14:57,881 [Worker-36] WARN  o.e.m.c.i.embedder.EclipseLogger - Using platform encoding (Cp1252 actually) to copy filtered resources, i.e. build is platform dependent!
2020-04-11 11:14:57,891 [Worker-36] INFO  o.e.m.c.i.embedder.EclipseLogger - Copying 0 resource
2020-04-11 11:14:57,895 [Worker-36] WARN  o.e.m.c.i.embedder.EclipseLogger - Using platform encoding (Cp1252 actually) to copy filtered resources, i.e. build is platform dependent!
2020-04-11 11:14:57,912 [Worker-36] INFO  o.e.m.c.i.embedder.EclipseLogger - Copying 0 resource
2020-04-11 11:22:20,759 [Worker-39] WARN  o.e.m.c.i.embedder.EclipseLogger - Using platform encoding (Cp1252 actually) to copy filtered resources, i.e. build is platform dependent!
2020-04-11 11:22:20,768 [Worker-39] INFO  o.e.m.c.i.embedder.EclipseLogger - Copying 0 resource
2020-04-11 11:22:20,770 [Worker-39] WARN  o.e.m.c.i.embedder.EclipseLogger - Using platform encoding (Cp1252 actually) to copy filtered resources, i.e. build is platform dependent!
2020-04-11 11:22:20,786 [Worker-39] INFO  o.e.m.c.i.embedder.EclipseLogger - Copying 0 resource
2020-04-11 16:10:43,722 [Worker-67] WARN  o.e.m.c.i.embedder.EclipseLogger - Using platform encoding (Cp1252 actually) to copy filtered resources, i.e. build is platform dependent!
2020-04-11 16:10:43,734 [Worker-67] INFO  o.e.m.c.i.embedder.EclipseLogger - Copying 0 resource
2020-04-11 16:10:43,735 [Worker-67] WARN  o.e.m.c.i.embedder.EclipseLogger - Using platform encoding (Cp1252 actually) to copy filtered resources, i.e. build is platform dependent!
2020-04-11 16:10:43,743 [Worker-67] INFO  o.e.m.c.i.embedder.EclipseLogger - Copying 0 resource
2020-04-11 16:11:24,897 [Worker-67] WARN  o.e.m.c.i.embedder.EclipseLogger - Using platform encoding (Cp1252 actually) to copy filtered resources, i.e. build is platform dependent!
2020-04-11 16:11:24,910 [Worker-67] INFO  o.e.m.c.i.embedder.EclipseLogger - Copying 0 resource
2020-04-11 16:11:24,912 [Worker-67] WARN  o.e.m.c.i.embedder.EclipseLogger - Using platform encoding (Cp1252 actually) to copy filtered resources, i.e. build is platform dependent!
2020-04-11 16:11:24,924 [Worker-67] INFO  o.e.m.c.i.embedder.EclipseLogger - Copying 0 resource
2020-04-11 16:11:31,270 [Worker-60] WARN  o.e.m.c.i.embedder.EclipseLogger - Using platform encoding (Cp1252 actually) to copy filtered resources, i.e. build is platform dependent!
2020-04-11 16:11:31,280 [Worker-60] INFO  o.e.m.c.i.embedder.EclipseLogger - Copying 0 resource
2020-04-11 16:11:31,281 [Worker-60] WARN  o.e.m.c.i.embedder.EclipseLogger - Using platform encoding (Cp1252 actually) to copy filtered resources, i.e. build is platform dependent!
2020-04-11 16:11:31,289 [Worker-60] INFO  o.e.m.c.i.embedder.EclipseLogger - Copying 0 resource
2020-04-11 16:14:04,342 [Worker-60] WARN  o.e.m.c.i.embedder.EclipseLogger - Using platform encoding (Cp1252 actually) to copy filtered resources, i.e. build is platform dependent!
2020-04-11 16:14:04,356 [Worker-60] INFO  o.e.m.c.i.embedder.EclipseLogger - Copying 0 resource
2020-04-11 16:14:04,357 [Worker-60] WARN  o.e.m.c.i.embedder.EclipseLogger - Using platform encoding (Cp1252 actually) to copy filtered resources, i.e. build is platform dependent!
2020-04-11 16:14:04,367 [Worker-60] INFO  o.e.m.c.i.embedder.EclipseLogger - Copying 0 resource
2020-04-11 16:14:19,280 [Worker-66] WARN  o.e.m.c.i.embedder.EclipseLogger - Using platform encoding (Cp1252 actually) to copy filtered resources, i.e. build is platform dependent!
2020-04-11 16:14:19,291 [Worker-66] INFO  o.e.m.c.i.embedder.EclipseLogger - Copying 0 resource
2020-04-11 16:14:19,293 [Worker-66] WARN  o.e.m.c.i.embedder.EclipseLogger - Using platform encoding (Cp1252 actually) to copy filtered resources, i.e. build is platform dependent!
2020-04-11 16:14:19,304 [Worker-66] INFO  o.e.m.c.i.embedder.EclipseLogger - Copying 0 resource
2020-04-11 16:15:24,486 [Worker-68] WARN  o.e.m.c.i.embedder.EclipseLogger - Using platform encoding (Cp1252 actually) to copy filtered resources, i.e. build is platform dependent!
2020-04-11 16:15:24,507 [Worker-68] INFO  o.e.m.c.i.embedder.EclipseLogger - Copying 0 resource
2020-04-11 16:15:24,509 [Worker-68] WARN  o.e.m.c.i.embedder.EclipseLogger - Using platform encoding (Cp1252 actually) to copy filtered resources, i.e. build is platform dependent!
2020-04-11 16:15:24,525 [Worker-68] INFO  o.e.m.c.i.embedder.EclipseLogger - Copying 0 resource
2020-04-11 16:17:59,561 [Worker-66] WARN  o.e.m.c.i.embedder.EclipseLogger - Using platform encoding (Cp1252 actually) to copy filtered resources, i.e. build is platform dependent!
2020-04-11 16:17:59,579 [Worker-66] INFO  o.e.m.c.i.embedder.EclipseLogger - Copying 0 resource
2020-04-11 16:17:59,582 [Worker-66] WARN  o.e.m.c.i.embedder.EclipseLogger - Using platform encoding (Cp1252 actually) to copy filtered resources, i.e. build is platform dependent!
2020-04-11 16:17:59,600 [Worker-66] INFO  o.e.m.c.i.embedder.EclipseLogger - Copying 0 resource
2020-04-11 16:18:20,134 [Worker-56] WARN  o.e.m.c.i.embedder.EclipseLogger - Using platform encoding (Cp1252 actually) to copy filtered resources, i.e. build is platform dependent!
2020-04-11 16:18:20,152 [Worker-56] INFO  o.e.m.c.i.embedder.EclipseLogger - Copying 0 resource
2020-04-11 16:18:20,153 [Worker-56] WARN  o.e.m.c.i.embedder.EclipseLogger - Using platform encoding (Cp1252 actually) to copy filtered resources, i.e. build is platform dependent!
2020-04-11 16:18:20,167 [Worker-56] INFO  o.e.m.c.i.embedder.EclipseLogger - Copying 0 resource
2020-04-11 16:23:09,412 [Worker-56] WARN  o.e.m.c.i.embedder.EclipseLogger - Using platform encoding (Cp1252 actually) to copy filtered resources, i.e. build is platform dependent!
2020-04-11 16:23:09,420 [Worker-56] INFO  o.e.m.c.i.embedder.EclipseLogger - Copying 0 resource
2020-04-11 16:23:09,421 [Worker-56] WARN  o.e.m.c.i.embedder.EclipseLogger - Using platform encoding (Cp1252 actually) to copy filtered resources, i.e. build is platform dependent!
2020-04-11 16:23:09,428 [Worker-56] INFO  o.e.m.c.i.embedder.EclipseLogger - Copying 0 resource
2020-04-11 16:23:21,689 [Worker-56] WARN  o.e.m.c.i.embedder.EclipseLogger - Using platform encoding (Cp1252 actually) to copy filtered resources, i.e. build is platform dependent!
2020-04-11 16:23:21,698 [Worker-56] INFO  o.e.m.c.i.embedder.EclipseLogger - Copying 0 resource
2020-04-11 16:23:21,699 [Worker-56] WARN  o.e.m.c.i.embedder.EclipseLogger - Using platform encoding (Cp1252 actually) to copy filtered resources, i.e. build is platform dependent!
2020-04-11 16:23:21,706 [Worker-56] INFO  o.e.m.c.i.embedder.EclipseLogger - Copying 0 resource
2020-04-11 16:26:24,632 [Worker-66] WARN  o.e.m.c.i.embedder.EclipseLogger - Using platform encoding (Cp1252 actually) to copy filtered resources, i.e. build is platform dependent!
2020-04-11 16:26:24,649 [Worker-66] INFO  o.e.m.c.i.embedder.EclipseLogger - Copying 0 resource
2020-04-11 16:26:24,658 [Worker-66] WARN  o.e.m.c.i.embedder.EclipseLogger - Using platform encoding (Cp1252 actually) to copy filtered resources, i.e. build is platform dependent!
2020-04-11 16:26:24,685 [Worker-66] INFO  o.e.m.c.i.embedder.EclipseLogger - Copying 0 resource
2020-04-11 16:44:30,796 [Worker-69] WARN  o.e.m.c.i.embedder.EclipseLogger - Using platform encoding (Cp1252 actually) to copy filtered resources, i.e. build is platform dependent!
2020-04-11 16:44:30,814 [Worker-69] INFO  o.e.m.c.i.embedder.EclipseLogger - Copying 0 resource
2020-04-11 16:44:30,815 [Worker-69] WARN  o.e.m.c.i.embedder.EclipseLogger - Using platform encoding (Cp1252 actually) to copy filtered resources, i.e. build is platform dependent!
2020-04-11 16:44:30,829 [Worker-69] INFO  o.e.m.c.i.embedder.EclipseLogger - Copying 0 resource
2020-04-11 16:46:21,186 [Worker-71] WARN  o.e.m.c.i.embedder.EclipseLogger - Using platform encoding (Cp1252 actually) to copy filtered resources, i.e. build is platform dependent!
2020-04-11 16:46:21,193 [Worker-71] INFO  o.e.m.c.i.embedder.EclipseLogger - Copying 0 resource
2020-04-11 16:46:21,195 [Worker-71] WARN  o.e.m.c.i.embedder.EclipseLogger - Using platform encoding (Cp1252 actually) to copy filtered resources, i.e. build is platform dependent!
2020-04-11 16:46:21,202 [Worker-71] INFO  o.e.m.c.i.embedder.EclipseLogger - Copying 0 resource
2020-04-11 16:53:16,559 [Worker-71] WARN  o.e.m.c.i.embedder.EclipseLogger - Using platform encoding (Cp1252 actually) to copy filtered resources, i.e. build is platform dependent!
2020-04-11 16:53:16,568 [Worker-71] INFO  o.e.m.c.i.embedder.EclipseLogger - Copying 0 resource
2020-04-11 16:53:16,570 [Worker-71] WARN  o.e.m.c.i.embedder.EclipseLogger - Using platform encoding (Cp1252 actually) to copy filtered resources, i.e. build is platform dependent!
2020-04-11 16:53:16,582 [Worker-71] INFO  o.e.m.c.i.embedder.EclipseLogger - Copying 0 resource
2020-04-11 16:55:26,091 [Worker-77] WARN  o.e.m.c.i.embedder.EclipseLogger - Using platform encoding (Cp1252 actually) to copy filtered resources, i.e. build is platform dependent!
2020-04-11 16:55:26,099 [Worker-77] INFO  o.e.m.c.i.embedder.EclipseLogger - Copying 0 resource
2020-04-11 16:55:26,100 [Worker-77] WARN  o.e.m.c.i.embedder.EclipseLogger - Using platform encoding (Cp1252 actually) to copy filtered resources, i.e. build is platform dependent!
2020-04-11 16:55:26,108 [Worker-77] INFO  o.e.m.c.i.embedder.EclipseLogger - Copying 0 resource
2020-04-12 11:58:14,612 [Worker-91] WARN  o.e.m.c.i.embedder.EclipseLogger - Using platform encoding (Cp1252 actually) to copy filtered resources, i.e. build is platform dependent!
2020-04-12 11:58:14,680 [Worker-91] INFO  o.e.m.c.i.embedder.EclipseLogger - Copying 0 resource
2020-04-12 11:58:14,685 [Worker-91] WARN  o.e.m.c.i.embedder.EclipseLogger - Using platform encoding (Cp1252 actually) to copy filtered resources, i.e. build is platform dependent!
2020-04-12 11:58:14,697 [Worker-91] INFO  o.e.m.c.i.embedder.EclipseLogger - Copying 0 resource
2020-04-12 11:58:53,126 [Worker-91] WARN  o.e.m.c.i.embedder.EclipseLogger - Using platform encoding (Cp1252 actually) to copy filtered resources, i.e. build is platform dependent!
2020-04-12 11:58:53,137 [Worker-91] INFO  o.e.m.c.i.embedder.EclipseLogger - Copying 0 resource
2020-04-12 11:58:53,138 [Worker-91] WARN  o.e.m.c.i.embedder.EclipseLogger - Using platform encoding (Cp1252 actually) to copy filtered resources, i.e. build is platform dependent!
2020-04-12 11:58:53,151 [Worker-91] INFO  o.e.m.c.i.embedder.EclipseLogger - Copying 0 resource
2020-04-12 11:59:32,404 [Worker-95] WARN  o.e.m.c.i.embedder.EclipseLogger - Using platform encoding (Cp1252 actually) to copy filtered resources, i.e. build is platform dependent!
2020-04-12 11:59:32,420 [Worker-95] INFO  o.e.m.c.i.embedder.EclipseLogger - Copying 0 resource
2020-04-12 11:59:32,423 [Worker-95] WARN  o.e.m.c.i.embedder.EclipseLogger - Using platform encoding (Cp1252 actually) to copy filtered resources, i.e. build is platform dependent!
2020-04-12 11:59:32,444 [Worker-95] INFO  o.e.m.c.i.embedder.EclipseLogger - Copying 0 resource
2020-04-12 12:02:35,328 [Worker-89] WARN  o.e.m.c.i.embedder.EclipseLogger - Using platform encoding (Cp1252 actually) to copy filtered resources, i.e. build is platform dependent!
2020-04-12 12:02:35,341 [Worker-89] INFO  o.e.m.c.i.embedder.EclipseLogger - Copying 0 resource
2020-04-12 12:02:35,342 [Worker-89] WARN  o.e.m.c.i.embedder.EclipseLogger - Using platform encoding (Cp1252 actually) to copy filtered resources, i.e. build is platform dependent!
2020-04-12 12:02:35,357 [Worker-89] INFO  o.e.m.c.i.embedder.EclipseLogger - Copying 0 resource
2020-04-12 12:04:03,970 [Worker-91] WARN  o.e.m.c.i.embedder.EclipseLogger - Using platform encoding (Cp1252 actually) to copy filtered resources, i.e. build is platform dependent!
2020-04-12 12:04:03,982 [Worker-91] INFO  o.e.m.c.i.embedder.EclipseLogger - Copying 0 resource
2020-04-12 12:04:03,984 [Worker-91] WARN  o.e.m.c.i.embedder.EclipseLogger - Using platform encoding (Cp1252 actually) to copy filtered resources, i.e. build is platform dependent!
2020-04-12 12:04:03,998 [Worker-91] INFO  o.e.m.c.i.embedder.EclipseLogger - Copying 0 resource
2020-04-12 12:06:25,295 [Worker-94] WARN  o.e.m.c.i.embedder.EclipseLogger - Using platform encoding (Cp1252 actually) to copy filtered resources, i.e. build is platform dependent!
2020-04-12 12:06:25,311 [Worker-94] INFO  o.e.m.c.i.embedder.EclipseLogger - Copying 0 resource
2020-04-12 12:06:25,313 [Worker-94] WARN  o.e.m.c.i.embedder.EclipseLogger - Using platform encoding (Cp1252 actually) to copy filtered resources, i.e. build is platform dependent!
2020-04-12 12:06:25,325 [Worker-94] INFO  o.e.m.c.i.embedder.EclipseLogger - Copying 0 resource
2020-04-12 12:07:46,987 [Worker-94] WARN  o.e.m.c.i.embedder.EclipseLogger - Using platform encoding (Cp1252 actually) to copy filtered resources, i.e. build is platform dependent!
2020-04-12 12:07:46,991 [Worker-94] INFO  o.e.m.c.i.embedder.EclipseLogger - Copying 0 resource
2020-04-12 12:07:46,996 [Worker-94] WARN  o.e.m.c.i.embedder.EclipseLogger - Using platform encoding (Cp1252 actually) to copy filtered resources, i.e. build is platform dependent!
2020-04-12 12:07:47,003 [Worker-94] INFO  o.e.m.c.i.embedder.EclipseLogger - Copying 0 resource
2020-04-12 12:08:08,683 [Worker-96] WARN  o.e.m.c.i.embedder.EclipseLogger - Using platform encoding (Cp1252 actually) to copy filtered resources, i.e. build is platform dependent!
2020-04-12 12:08:08,690 [Worker-96] INFO  o.e.m.c.i.embedder.EclipseLogger - Copying 0 resource
2020-04-12 12:08:08,690 [Worker-96] WARN  o.e.m.c.i.embedder.EclipseLogger - Using platform encoding (Cp1252 actually) to copy filtered resources, i.e. build is platform dependent!
2020-04-12 12:08:08,701 [Worker-96] INFO  o.e.m.c.i.embedder.EclipseLogger - Copying 0 resource
2020-04-12 12:08:39,509 [Worker-93] WARN  o.e.m.c.i.embedder.EclipseLogger - Using platform encoding (Cp1252 actually) to copy filtered resources, i.e. build is platform dependent!
2020-04-12 12:08:39,522 [Worker-93] INFO  o.e.m.c.i.embedder.EclipseLogger - Copying 0 resource
2020-04-12 12:08:39,526 [Worker-93] WARN  o.e.m.c.i.embedder.EclipseLogger - Using platform encoding (Cp1252 actually) to copy filtered resources, i.e. build is platform dependent!
2020-04-12 12:08:39,537 [Worker-93] INFO  o.e.m.c.i.embedder.EclipseLogger - Copying 0 resource
2020-04-12 12:09:19,441 [Worker-91] WARN  o.e.m.c.i.embedder.EclipseLogger - Using platform encoding (Cp1252 actually) to copy filtered resources, i.e. build is platform dependent!
2020-04-12 12:09:19,463 [Worker-91] INFO  o.e.m.c.i.embedder.EclipseLogger - Copying 0 resource
2020-04-12 12:09:19,465 [Worker-91] WARN  o.e.m.c.i.embedder.EclipseLogger - Using platform encoding (Cp1252 actually) to copy filtered resources, i.e. build is platform dependent!
2020-04-12 12:09:19,480 [Worker-91] INFO  o.e.m.c.i.embedder.EclipseLogger - Copying 0 resource
2020-04-12 12:09:55,734 [Worker-93] WARN  o.e.m.c.i.embedder.EclipseLogger - Using platform encoding (Cp1252 actually) to copy filtered resources, i.e. build is platform dependent!
2020-04-12 12:09:55,752 [Worker-93] INFO  o.e.m.c.i.embedder.EclipseLogger - Copying 0 resource
2020-04-12 12:09:55,754 [Worker-93] WARN  o.e.m.c.i.embedder.EclipseLogger - Using platform encoding (Cp1252 actually) to copy filtered resources, i.e. build is platform dependent!
2020-04-12 12:09:55,766 [Worker-93] INFO  o.e.m.c.i.embedder.EclipseLogger - Copying 0 resource
2020-04-12 18:38:57,788 [Worker-117] WARN  o.e.m.c.i.embedder.EclipseLogger - Using platform encoding (Cp1252 actually) to copy filtered resources, i.e. build is platform dependent!
2020-04-12 18:38:57,815 [Worker-117] INFO  o.e.m.c.i.embedder.EclipseLogger - Copying 0 resource
2020-04-12 18:38:57,817 [Worker-117] WARN  o.e.m.c.i.embedder.EclipseLogger - Using platform encoding (Cp1252 actually) to copy filtered resources, i.e. build is platform dependent!
2020-04-12 18:38:57,837 [Worker-117] INFO  o.e.m.c.i.embedder.EclipseLogger - Copying 0 resource
2020-04-12 19:12:04,173 [Worker-123] WARN  o.e.m.c.i.embedder.EclipseLogger - Using platform encoding (Cp1252 actually) to copy filtered resources, i.e. build is platform dependent!
2020-04-12 19:12:04,182 [Worker-123] INFO  o.e.m.c.i.embedder.EclipseLogger - Copying 0 resource
2020-04-12 19:12:04,184 [Worker-123] WARN  o.e.m.c.i.embedder.EclipseLogger - Using platform encoding (Cp1252 actually) to copy filtered resources, i.e. build is platform dependent!
2020-04-12 19:12:04,197 [Worker-123] INFO  o.e.m.c.i.embedder.EclipseLogger - Copying 0 resource
2020-04-12 19:13:33,770 [Worker-126] WARN  o.e.m.c.i.embedder.EclipseLogger - Using platform encoding (Cp1252 actually) to copy filtered resources, i.e. build is platform dependent!
2020-04-12 19:13:33,783 [Worker-126] INFO  o.e.m.c.i.embedder.EclipseLogger - Copying 0 resource
2020-04-12 19:13:33,784 [Worker-126] WARN  o.e.m.c.i.embedder.EclipseLogger - Using platform encoding (Cp1252 actually) to copy filtered resources, i.e. build is platform dependent!
2020-04-12 19:13:33,793 [Worker-126] INFO  o.e.m.c.i.embedder.EclipseLogger - Copying 0 resource
2020-04-12 19:13:42,992 [Worker-125] WARN  o.e.m.c.i.embedder.EclipseLogger - Using platform encoding (Cp1252 actually) to copy filtered resources, i.e. build is platform dependent!
2020-04-12 19:13:43,008 [Worker-125] INFO  o.e.m.c.i.embedder.EclipseLogger - Copying 0 resource
2020-04-12 19:13:43,012 [Worker-125] WARN  o.e.m.c.i.embedder.EclipseLogger - Using platform encoding (Cp1252 actually) to copy filtered resources, i.e. build is platform dependent!
2020-04-12 19:13:43,024 [Worker-125] INFO  o.e.m.c.i.embedder.EclipseLogger - Copying 0 resource
2020-04-12 19:14:07,204 [Worker-127] WARN  o.e.m.c.i.embedder.EclipseLogger - Using platform encoding (Cp1252 actually) to copy filtered resources, i.e. build is platform dependent!
2020-04-12 19:14:07,231 [Worker-127] INFO  o.e.m.c.i.embedder.EclipseLogger - Copying 0 resource
2020-04-12 19:14:07,234 [Worker-127] WARN  o.e.m.c.i.embedder.EclipseLogger - Using platform encoding (Cp1252 actually) to copy filtered resources, i.e. build is platform dependent!
2020-04-12 19:14:07,248 [Worker-127] INFO  o.e.m.c.i.embedder.EclipseLogger - Copying 0 resource
2020-04-12 19:14:20,047 [Worker-126] WARN  o.e.m.c.i.embedder.EclipseLogger - Using platform encoding (Cp1252 actually) to copy filtered resources, i.e. build is platform dependent!
2020-04-12 19:14:20,057 [Worker-126] INFO  o.e.m.c.i.embedder.EclipseLogger - Copying 0 resource
2020-04-12 19:14:20,059 [Worker-126] WARN  o.e.m.c.i.embedder.EclipseLogger - Using platform encoding (Cp1252 actually) to copy filtered resources, i.e. build is platform dependent!
2020-04-12 19:14:20,069 [Worker-126] INFO  o.e.m.c.i.embedder.EclipseLogger - Copying 0 resource
2020-04-12 19:14:25,860 [Worker-127] WARN  o.e.m.c.i.embedder.EclipseLogger - Using platform encoding (Cp1252 actually) to copy filtered resources, i.e. build is platform dependent!
2020-04-12 19:14:25,874 [Worker-127] INFO  o.e.m.c.i.embedder.EclipseLogger - Copying 0 resource
2020-04-12 19:14:25,874 [Worker-127] WARN  o.e.m.c.i.embedder.EclipseLogger - Using platform encoding (Cp1252 actually) to copy filtered resources, i.e. build is platform dependent!
2020-04-12 19:14:25,892 [Worker-127] INFO  o.e.m.c.i.embedder.EclipseLogger - Copying 0 resource
2020-04-12 19:15:31,064 [Worker-125] WARN  o.e.m.c.i.embedder.EclipseLogger - Using platform encoding (Cp1252 actually) to copy filtered resources, i.e. build is platform dependent!
2020-04-12 19:15:31,076 [Worker-125] INFO  o.e.m.c.i.embedder.EclipseLogger - Copying 0 resource
2020-04-12 19:15:31,078 [Worker-125] WARN  o.e.m.c.i.embedder.EclipseLogger - Using platform encoding (Cp1252 actually) to copy filtered resources, i.e. build is platform dependent!
2020-04-12 19:15:31,088 [Worker-125] INFO  o.e.m.c.i.embedder.EclipseLogger - Copying 0 resource
2020-04-12 19:16:12,327 [Worker-128] WARN  o.e.m.c.i.embedder.EclipseLogger - Using platform encoding (Cp1252 actually) to copy filtered resources, i.e. build is platform dependent!
2020-04-12 19:16:12,336 [Worker-128] INFO  o.e.m.c.i.embedder.EclipseLogger - Copying 0 resource
2020-04-12 19:16:12,338 [Worker-128] WARN  o.e.m.c.i.embedder.EclipseLogger - Using platform encoding (Cp1252 actually) to copy filtered resources, i.e. build is platform dependent!
2020-04-12 19:16:12,347 [Worker-128] INFO  o.e.m.c.i.embedder.EclipseLogger - Copying 0 resource
2020-04-12 19:16:37,930 [Worker-125] WARN  o.e.m.c.i.embedder.EclipseLogger - Using platform encoding (Cp1252 actually) to copy filtered resources, i.e. build is platform dependent!
2020-04-12 19:16:37,939 [Worker-125] INFO  o.e.m.c.i.embedder.EclipseLogger - Copying 0 resource
2020-04-12 19:16:37,940 [Worker-125] WARN  o.e.m.c.i.embedder.EclipseLogger - Using platform encoding (Cp1252 actually) to copy filtered resources, i.e. build is platform dependent!
2020-04-12 19:16:37,948 [Worker-125] INFO  o.e.m.c.i.embedder.EclipseLogger - Copying 0 resource
2020-04-12 19:19:46,594 [Worker-129] WARN  o.e.m.c.i.embedder.EclipseLogger - Using platform encoding (Cp1252 actually) to copy filtered resources, i.e. build is platform dependent!
2020-04-12 19:19:46,601 [Worker-129] INFO  o.e.m.c.i.embedder.EclipseLogger - Copying 0 resource
2020-04-12 19:19:46,602 [Worker-129] WARN  o.e.m.c.i.embedder.EclipseLogger - Using platform encoding (Cp1252 actually) to copy filtered resources, i.e. build is platform dependent!
2020-04-12 19:19:46,609 [Worker-129] INFO  o.e.m.c.i.embedder.EclipseLogger - Copying 0 resource
2020-04-12 19:20:59,983 [Worker-131] WARN  o.e.m.c.i.embedder.EclipseLogger - Using platform encoding (Cp1252 actually) to copy filtered resources, i.e. build is platform dependent!
2020-04-12 19:21:00,049 [Worker-131] INFO  o.e.m.c.i.embedder.EclipseLogger - Copying 0 resource
2020-04-12 19:21:00,050 [Worker-131] WARN  o.e.m.c.i.embedder.EclipseLogger - Using platform encoding (Cp1252 actually) to copy filtered resources, i.e. build is platform dependent!
2020-04-12 19:21:00,104 [Worker-131] INFO  o.e.m.c.i.embedder.EclipseLogger - Copying 0 resource
2020-04-12 19:22:56,694 [Worker-129] WARN  o.e.m.c.i.embedder.EclipseLogger - Using platform encoding (Cp1252 actually) to copy filtered resources, i.e. build is platform dependent!
2020-04-12 19:22:56,708 [Worker-129] INFO  o.e.m.c.i.embedder.EclipseLogger - Copying 0 resource
2020-04-12 19:22:56,709 [Worker-129] WARN  o.e.m.c.i.embedder.EclipseLogger - Using platform encoding (Cp1252 actually) to copy filtered resources, i.e. build is platform dependent!
2020-04-12 19:22:56,721 [Worker-129] INFO  o.e.m.c.i.embedder.EclipseLogger - Copying 0 resource
2020-04-12 19:23:25,327 [Worker-134] WARN  o.e.m.c.i.embedder.EclipseLogger - Using platform encoding (Cp1252 actually) to copy filtered resources, i.e. build is platform dependent!
2020-04-12 19:23:25,339 [Worker-134] INFO  o.e.m.c.i.embedder.EclipseLogger - Copying 0 resource
2020-04-12 19:23:25,341 [Worker-134] WARN  o.e.m.c.i.embedder.EclipseLogger - Using platform encoding (Cp1252 actually) to copy filtered resources, i.e. build is platform dependent!
2020-04-12 19:23:25,355 [Worker-134] INFO  o.e.m.c.i.embedder.EclipseLogger - Copying 0 resource
2020-04-12 19:24:54,698 [Worker-129] WARN  o.e.m.c.i.embedder.EclipseLogger - Using platform encoding (Cp1252 actually) to copy filtered resources, i.e. build is platform dependent!
2020-04-12 19:24:54,716 [Worker-129] INFO  o.e.m.c.i.embedder.EclipseLogger - Copying 0 resource
2020-04-12 19:24:54,717 [Worker-129] WARN  o.e.m.c.i.embedder.EclipseLogger - Using platform encoding (Cp1252 actually) to copy filtered resources, i.e. build is platform dependent!
2020-04-12 19:24:54,735 [Worker-129] INFO  o.e.m.c.i.embedder.EclipseLogger - Copying 0 resource
2020-04-12 19:25:35,370 [Worker-135] WARN  o.e.m.c.i.embedder.EclipseLogger - Using platform encoding (Cp1252 actually) to copy filtered resources, i.e. build is platform dependent!
2020-04-12 19:25:35,415 [Worker-135] INFO  o.e.m.c.i.embedder.EclipseLogger - Copying 0 resource
2020-04-12 19:25:35,417 [Worker-135] WARN  o.e.m.c.i.embedder.EclipseLogger - Using platform encoding (Cp1252 actually) to copy filtered resources, i.e. build is platform dependent!
2020-04-12 19:25:35,439 [Worker-135] INFO  o.e.m.c.i.embedder.EclipseLogger - Copying 0 resource
2020-04-12 19:30:56,700 [Worker-136] WARN  o.e.m.c.i.embedder.EclipseLogger - Using platform encoding (Cp1252 actually) to copy filtered resources, i.e. build is platform dependent!
2020-04-12 19:30:56,714 [Worker-136] INFO  o.e.m.c.i.embedder.EclipseLogger - Copying 0 resource
2020-04-12 19:30:56,714 [Worker-136] WARN  o.e.m.c.i.embedder.EclipseLogger - Using platform encoding (Cp1252 actually) to copy filtered resources, i.e. build is platform dependent!
2020-04-12 19:30:56,728 [Worker-136] INFO  o.e.m.c.i.embedder.EclipseLogger - Copying 0 resource
2020-04-12 19:32:14,981 [Worker-137] WARN  o.e.m.c.i.embedder.EclipseLogger - Using platform encoding (Cp1252 actually) to copy filtered resources, i.e. build is platform dependent!
2020-04-12 19:32:14,999 [Worker-137] INFO  o.e.m.c.i.embedder.EclipseLogger - Copying 0 resource
2020-04-12 19:32:15,003 [Worker-137] WARN  o.e.m.c.i.embedder.EclipseLogger - Using platform encoding (Cp1252 actually) to copy filtered resources, i.e. build is platform dependent!
2020-04-12 19:32:15,017 [Worker-137] INFO  o.e.m.c.i.embedder.EclipseLogger - Copying 0 resource
2020-04-12 19:33:24,629 [Worker-138] WARN  o.e.m.c.i.embedder.EclipseLogger - Using platform encoding (Cp1252 actually) to copy filtered resources, i.e. build is platform dependent!
2020-04-12 19:33:24,640 [Worker-138] INFO  o.e.m.c.i.embedder.EclipseLogger - Copying 0 resource
2020-04-12 19:33:24,640 [Worker-138] WARN  o.e.m.c.i.embedder.EclipseLogger - Using platform encoding (Cp1252 actually) to copy filtered resources, i.e. build is platform dependent!
2020-04-12 19:33:24,648 [Worker-138] INFO  o.e.m.c.i.embedder.EclipseLogger - Copying 0 resource
2020-04-12 19:34:22,968 [Worker-138] WARN  o.e.m.c.i.embedder.EclipseLogger - Using platform encoding (Cp1252 actually) to copy filtered resources, i.e. build is platform dependent!
2020-04-12 19:34:22,976 [Worker-138] INFO  o.e.m.c.i.embedder.EclipseLogger - Copying 0 resource
2020-04-12 19:34:22,978 [Worker-138] WARN  o.e.m.c.i.embedder.EclipseLogger - Using platform encoding (Cp1252 actually) to copy filtered resources, i.e. build is platform dependent!
2020-04-12 19:34:22,985 [Worker-138] INFO  o.e.m.c.i.embedder.EclipseLogger - Copying 0 resource
2020-04-12 19:34:48,437 [Worker-136] WARN  o.e.m.c.i.embedder.EclipseLogger - Using platform encoding (Cp1252 actually) to copy filtered resources, i.e. build is platform dependent!
2020-04-12 19:34:48,453 [Worker-136] INFO  o.e.m.c.i.embedder.EclipseLogger - Copying 0 resource
2020-04-12 19:34:48,456 [Worker-136] WARN  o.e.m.c.i.embedder.EclipseLogger - Using platform encoding (Cp1252 actually) to copy filtered resources, i.e. build is platform dependent!
2020-04-12 19:34:48,472 [Worker-136] INFO  o.e.m.c.i.embedder.EclipseLogger - Copying 0 resource
